
Gurobi 8.0.0 (win64, Python) logging started 07/24/19 22:30:43

Academic license - for non-commercial use only
Parameter OutputFlag unchanged
   Value: 1  Min: 0  Max: 1  Default: 1
Changed value of parameter QCPDual to 1
   Prev: 0  Min: 0  Max: 1  Default: 0
Optimize a model with 2 rows, 2 columns and 2 nonzeros
Coefficient statistics:
  Matrix range     [1e+00, 1e+00]
  Objective range  [1e+00, 1e+00]
  Bounds range     [0e+00, 0e+00]
  RHS range        [1e+00, 1e+00]
Presolve removed 2 rows and 2 columns
Presolve time: 0.01s
Presolve: All rows and columns removed
Iteration    Objective       Primal Inf.    Dual Inf.      Time
       0   -2.0000000e+00   0.000000e+00   0.000000e+00      0s

Solved in 0 iterations and 0.01 seconds
Optimal objective -2.000000000e+00
Parameter OutputFlag unchanged
   Value: 1  Min: 0  Max: 1  Default: 1
Changed value of parameter QCPDual to 1
   Prev: 0  Min: 0  Max: 1  Default: 0
Optimize a model with 2 rows, 2 columns and 2 nonzeros
Coefficient statistics:
  Matrix range     [1e+00, 1e+00]
  Objective range  [1e+00, 1e+00]
  Bounds range     [0e+00, 0e+00]
  RHS range        [1e+00, 1e+00]
Presolve time: 0.00s

Solved in 0 iterations and 0.00 seconds
Infeasible or unbounded model
Parameter OutputFlag unchanged
   Value: 1  Min: 0  Max: 1  Default: 1
Changed value of parameter QCPDual to 1
   Prev: 0  Min: 0  Max: 1  Default: 0
Optimize a model with 2 rows, 2 columns and 2 nonzeros
Coefficient statistics:
  Matrix range     [1e+00, 1e+00]
  Objective range  [1e+00, 1e+00]
  Bounds range     [0e+00, 0e+00]
  RHS range        [1e+00, 1e+00]
Presolve removed 2 rows and 2 columns
Presolve time: 0.00s
Presolve: All rows and columns removed
Iteration    Objective       Primal Inf.    Dual Inf.      Time
       0   -2.0000000e+00   0.000000e+00   0.000000e+00      0s

Solved in 0 iterations and 0.01 seconds
Optimal objective -2.000000000e+00
Parameter OutputFlag unchanged
   Value: 1  Min: 0  Max: 1  Default: 1
Changed value of parameter QCPDual to 1
   Prev: 0  Min: 0  Max: 1  Default: 0
Optimize a model with 2 rows, 2 columns and 2 nonzeros
Coefficient statistics:
  Matrix range     [1e+00, 1e+00]
  Objective range  [1e+00, 1e+00]
  Bounds range     [0e+00, 0e+00]
  RHS range        [1e+00, 1e+00]
Presolve removed 2 rows and 2 columns
Presolve time: 0.00s
Presolve: All rows and columns removed
Iteration    Objective       Primal Inf.    Dual Inf.      Time
       0    2.0000000e+00   0.000000e+00   0.000000e+00      0s

Solved in 0 iterations and 0.01 seconds
Optimal objective  2.000000000e+00
Parameter OutputFlag unchanged
   Value: 1  Min: 0  Max: 1  Default: 1
Changed value of parameter QCPDual to 1
   Prev: 0  Min: 0  Max: 1  Default: 0
Optimize a model with 2 rows, 2 columns and 2 nonzeros
Coefficient statistics:
  Matrix range     [1e+00, 1e+00]
  Objective range  [1e+00, 1e+00]
  Bounds range     [0e+00, 0e+00]
  RHS range        [1e+00, 1e+00]
Presolve removed 2 rows and 2 columns
Presolve time: 0.01s
Presolve: All rows and columns removed
Iteration    Objective       Primal Inf.    Dual Inf.      Time
       0   -2.0000000e+00   0.000000e+00   0.000000e+00      0s

Solved in 0 iterations and 0.01 seconds
Optimal objective -2.000000000e+00
Parameter OutputFlag unchanged
   Value: 1  Min: 0  Max: 1  Default: 1
Changed value of parameter QCPDual to 1
   Prev: 0  Min: 0  Max: 1  Default: 0
Optimize a model with 167 rows, 57 columns and 331 nonzeros
Model has 1 quadratic constraint
Coefficient statistics:
  Matrix range     [1e+00, 2e+00]
  QMatrix range    [1e+00, 1e+00]
  Objective range  [1e+00, 1e+00]
  Bounds range     [0e+00, 0e+00]
  RHS range        [1e+00, 1e+00]
Presolve removed 109 rows and 2 columns
Presolve time: 0.01s

Barrier solved model in 0 iterations and 0.01 seconds
Model is infeasible or unbounded
Parameter OutputFlag unchanged
   Value: 1  Min: 0  Max: 1  Default: 1
Changed value of parameter QCPDual to 1
   Prev: 0  Min: 0  Max: 1  Default: 0
Optimize a model with 167 rows, 57 columns and 331 nonzeros
Model has 1 quadratic constraint
Coefficient statistics:
  Matrix range     [1e+00, 2e+00]
  QMatrix range    [1e+00, 1e+00]
  Objective range  [1e+00, 1e+00]
  Bounds range     [0e+00, 0e+00]
  RHS range        [1e+00, 1e+00]
Presolve removed 123 rows and 8 columns
Presolve time: 0.01s
Presolved: 44 rows, 49 columns, 236 nonzeros
Presolved model has 1 second-order cone constraint
Ordering time: 0.00s

Barrier statistics:
 AA' NZ     : 3.640e+02
 Factor NZ  : 7.520e+02
 Factor Ops : 1.613e+04 (less than 1 second per iteration)
 Threads    : 1

                  Objective                Residual
Iter       Primal          Dual         Primal    Dual     Compl     Time
   0   2.81273215e+00 -5.90200000e+00  3.46e+01 1.00e-01  3.90e-01     0s
   1   8.54065173e-01 -4.85459385e+00  1.32e+01 1.10e-07  1.22e-01     0s
   2   7.05588060e-02 -2.65757040e+00  6.59e-01 2.14e-10  2.54e-02     0s
   3   3.51042953e-02 -1.31598522e-01  7.25e-07 4.03e-13  1.41e-03     0s
   4   1.09713989e-03 -1.73381072e-03  2.32e-12 9.77e-15  2.40e-05     0s
   5   4.37817631e-04 -8.49972101e-05  1.39e-12 9.27e-15  4.43e-06     0s
   6   1.50211193e-05 -2.78937812e-05  3.51e-11 5.65e-13  3.64e-07     0s
   7   3.80728988e-06 -2.72511593e-06  9.37e-10 2.95e-12  5.54e-08     0s
   8   4.02239853e-07 -4.92310594e-07  1.16e-10 3.74e-11  7.58e-09     0s

Barrier solved model in 8 iterations and 0.02 seconds
Optimal objective 4.02239853e-07

Solving KKT system to obtain QCP duals...

Optimize a model with 168 rows, 57 columns and 334 nonzeros
Coefficient statistics:
  Matrix range     [2e-03, 2e+00]
  Objective range  [8e-04, 2e+00]
  QObjective range [2e+00, 2e+00]
  Bounds range     [0e+00, 0e+00]
  RHS range        [1e-06, 1e+00]
Presolve removed 113 rows and 2 columns
Presolve time: 0.02s
Presolved: 55 rows, 55 columns, 208 nonzeros
Ordering time: 0.00s

Barrier statistics:
 Free vars  : 7
 AA' NZ     : 3.430e+02
 Factor NZ  : 9.200e+02
 Factor Ops : 1.905e+04 (less than 1 second per iteration)
 Threads    : 1

                  Objective                Residual
Iter       Primal          Dual         Primal    Dual     Compl     Time
   0   1.19897158e+07 -1.21164777e+07  1.00e+04 4.99e+02  1.00e+06     0s
   1   1.94950758e+06 -2.07397544e+06  2.34e+03 1.17e+02  2.51e+05     0s
   2   4.97454468e+05 -6.31607395e+05  9.53e+01 4.76e+00  1.82e+04     0s
   3   6.65018226e+04 -1.72728194e+05  2.79e+00 1.40e-01  2.12e+03     0s
   4   1.01050112e+04 -4.48050331e+04  2.79e-06 1.40e-07  4.32e+02     0s
   5   1.37106575e+03 -3.03272083e+03  8.64e-08 4.32e-09  3.47e+01     0s
   6   1.67138456e+02 -1.61121198e+03  1.60e-13 1.60e-14  1.40e+01     0s
   7   1.72237539e+01 -5.98358022e+01  2.84e-14 1.26e-14  6.07e-01     0s
   8   1.99753893e+00 -2.01096989e+01  3.55e-15 8.88e-16  1.74e-01     0s
   9   4.02425801e-01 -3.43963025e+00  1.11e-15 8.88e-16  3.03e-02     0s
  10   4.59026270e-02 -2.07167645e-01  7.11e-15 4.44e-16  1.99e-03     0s
  11   5.42554036e-03 -5.77385710e-03  5.00e-16 4.44e-16  8.82e-05     0s
  12   7.53096769e-04 -9.42733679e-04  3.55e-15 8.88e-16  1.34e-05     0s
  13   1.01997176e-04 -1.33781330e-04  5.55e-16 4.44e-16  1.86e-06     0s
  14   1.29746026e-05 -2.02479078e-05  7.22e-16 2.22e-16  2.62e-07     0s
  15   1.45433392e-06 -3.15204815e-06  3.55e-15 2.22e-16  3.63e-08     0s
  16   1.97902271e-07 -3.80023462e-07  3.55e-15 4.44e-16  4.55e-09     0s
  17   1.20661444e-07  8.35801863e-08  5.55e-16 2.22e-16  2.92e-10     0s

Barrier solved model in 17 iterations and 0.03 seconds
Optimal objective 1.20661444e-07


Parameter OutputFlag unchanged
   Value: 1  Min: 0  Max: 1  Default: 1
Changed value of parameter QCPDual to 1
   Prev: 0  Min: 0  Max: 1  Default: 0
Changed value of parameter BarQCPConvTol to 1e-10
   Prev: 1e-06  Min: 0.0  Max: 1.0  Default: 1e-06
Optimize a model with 661 rows, 258 columns and 1642 nonzeros
Model has 12 quadratic constraints
Coefficient statistics:
  Matrix range     [1e+00, 2e+00]
  QMatrix range    [1e+00, 1e+00]
  Objective range  [1e+00, 1e+00]
  Bounds range     [0e+00, 0e+00]
  RHS range        [1e+00, 1e+00]
Presolve removed 451 rows and 38 columns
Presolve time: 0.01s
Presolved: 210 rows, 220 columns, 1162 nonzeros
Presolved model has 12 second-order cone constraints
Ordering time: 0.00s

Barrier statistics:
 Free vars  : 1
 AA' NZ     : 5.177e+03
 Factor NZ  : 1.043e+04
 Factor Ops : 7.508e+05 (less than 1 second per iteration)
 Threads    : 1

                  Objective                Residual
Iter       Primal          Dual         Primal    Dual     Compl     Time
   0   5.38403362e+01 -3.56240000e+01  1.06e+02 1.00e-01  6.24e-01     0s
   1   1.27176592e+01 -3.00476974e+01  3.11e+01 3.76e-06  1.72e-01     0s
   2   5.23996772e+00 -1.49101517e+01  7.11e+00 1.23e-06  5.19e-02     0s
   3   3.96856366e+00 -2.07701852e+00  4.78e+00 4.91e-07  2.42e-02     0s
   4   4.31549224e+00  6.43318818e+00  3.41e+00 1.59e-07  1.57e-02     0s
   5   6.89618905e+00  1.01545958e+01  2.28e+00 4.87e-08  1.28e-02     0s
   6   7.70882599e+00  1.56554171e+01  1.91e+00 5.68e-08  1.04e-02     0s
   7   1.04210633e+01  1.69536288e+01  1.44e+00 1.39e-07  9.53e-03     0s
   8   1.31684014e+01  1.89833220e+01  1.04e+00 1.35e-07  9.95e-03     0s
   9   1.94658784e+01  2.06951529e+01  3.54e-01 1.54e-07  6.93e-03     0s
  10   2.22419279e+01  2.20436342e+01  2.70e-02 7.13e-08  1.14e-03     0s
  11   2.21834126e+01  2.21613697e+01  2.78e-04 2.05e-08  4.94e-05     0s
  12   2.21793499e+01  2.21786639e+01  2.21e-05 6.30e-10  1.91e-06     0s
  13   2.21789639e+01  2.21786716e+01  1.30e-06 1.47e-09  5.88e-07     0s
  14   2.21789389e+01  2.21786752e+01  2.95e-08 3.02e-09  4.98e-07     0s
  15   2.21789378e+01  2.21789304e+01  6.08e-10 2.62e-09  1.40e-08     0s
  16   2.21789374e+01  2.21789373e+01  1.83e-09 1.41e-08  9.73e-11     0s
  17   2.21789374e+01  2.21789374e+01  5.13e-08 4.10e-07  2.27e-12     0s
  18   2.21789374e+01  2.21789374e+01  2.06e-07 2.68e-06  2.10e-12     0s
  19   2.21789374e+01  2.21789374e+01  1.80e-07 6.56e-06  2.09e-12     0s
  20   2.21789374e+01  2.21789374e+01  1.73e-07 1.65e-05  2.02e-12     0s
  21   2.21789374e+01  2.21789374e+01  4.13e-07 3.26e-05  1.91e-12     0s
  22   2.21789374e+01  2.21789374e+01  6.29e-07 9.92e-05  1.81e-12     0s
  23   2.21789374e+01  2.21789374e+01  1.19e-06 1.16e-04  1.53e-12     0s
  24   2.21789374e+01  2.21789374e+01  7.97e-07 2.50e-04  8.15e-13     0s
  25   2.21789374e+01  2.21789374e+01  9.81e-07 4.52e-04  8.14e-13     0s
  26   2.21789374e+01  2.21789374e+01  3.07e-06 6.12e-04  8.12e-13     0s
  27   2.21789374e+01  2.21789374e+01  3.50e-06 5.95e-04  8.12e-13     0s
  28   2.21789374e+01  2.21789374e+01  6.08e-06 1.42e-03  8.12e-13     0s
  29   2.21789374e+01  2.21789374e+01  6.62e-06 2.21e-03  8.12e-13     0s
  30   2.21789374e+01  2.21789374e+01  1.38e-05 4.19e-03  8.11e-13     0s
  31   2.21789374e+01  2.21789374e+01  2.46e-05 3.73e-03  8.08e-13     0s
  32   2.21789374e+01  2.21789374e+01  3.63e-05 5.98e-03  8.06e-13     0s
  33   2.21789374e+01  2.21789374e+01  9.79e-06 4.88e-03  8.02e-13     0s
  34   2.21789374e+01  2.21789374e+01  2.19e-05 5.55e-03  8.02e-13     0s
  35   2.21789374e+01  2.21789374e+01  4.83e-05 1.33e-02  7.98e-13     0s
  36   2.21789374e+01  2.21789374e+01  9.92e-05 1.96e-02  7.97e-13     0s
  37   2.21789374e+01  2.21789374e+01  1.80e-05 1.86e-02  7.96e-13     0s
  38   2.21789374e+01  2.21789374e+01  4.04e-05 3.11e-02  7.92e-13     0s
  39   2.21789374e+01  2.21789374e+01  1.07e-05 2.58e-02  7.70e-13     0s
  40   2.21789374e+01  2.21789374e+01  9.24e-06 6.38e-03  2.77e-15     0s
  41   2.21789374e+01  2.21789374e+01  3.79e-05 8.40e-03  2.77e-15     0s
  42   2.21789374e+01  2.21789374e+01  4.55e-05 1.97e-02  2.77e-15     0s
  43   2.21789374e+01  2.21789374e+01  3.08e-05 2.80e-02  2.77e-15     0s
  44   2.21789374e+01  2.21789374e+01  3.19e-05 1.87e-02  2.77e-15     0s
  45   2.21789374e+01  2.21789374e+01  7.95e-05 1.99e-02  2.77e-15     0s
  46   2.21789374e+01  2.21789374e+01  1.30e-04 5.75e-03  2.77e-15     0s
  47   2.21789374e+01  2.21789374e+01  1.30e-04 9.66e-03  2.77e-15     0s
  48   2.21789374e+01  2.21789374e+01  1.40e-04 1.43e-02  2.77e-15     0s
  49   2.21789374e+01  2.21789374e+01  9.67e-05 9.63e-03  2.77e-15     0s
  50   2.21789374e+01  2.21789374e+01  4.72e-05 5.75e-03  2.77e-15     0s
  51   2.21789374e+01  2.21789374e+01  7.75e-05 1.52e-02  2.77e-15     0s

Barrier performed 51 iterations in 0.10 seconds
Sub-optimal termination - objective 2.21789374e+01

Solving KKT system to obtain QCP duals...

Optimize a model with 673 rows, 258 columns and 1675 nonzeros
Coefficient statistics:
  Matrix range     [2e-10, 2e+01]
  Objective range  [1e-13, 2e+01]
  QObjective range [2e+00, 2e+00]
  Bounds range     [0e+00, 0e+00]
  RHS range        [3e-12, 1e+00]
Presolve removed 419 rows and 5 columns
Presolve time: 0.10s
Presolved: 254 rows, 253 columns, 1215 nonzeros
Ordering time: 0.00s

Barrier statistics:
 Free vars  : 47
 AA' NZ     : 3.220e+03
 Factor NZ  : 1.390e+04
 Factor Ops : 1.156e+06 (less than 1 second per iteration)
 Threads    : 1

                  Objective                Residual
Iter       Primal          Dual         Primal    Dual     Compl     Time
   0   5.14095064e+07 -5.21119402e+07  2.30e+04 4.99e+02  1.00e+06     0s
   1   1.26814585e+07 -1.33566290e+07  9.14e+03 1.98e+02  4.24e+05     0s
   2   3.48704448e+06 -4.29172880e+06  9.35e+02 2.03e+01  6.38e+04     0s
   3   7.95135932e+05 -1.54990575e+06  5.00e+01 1.09e+00  6.88e+03     0s
   4   1.50317193e+05 -4.77317466e+05  1.17e+00 2.53e-02  1.18e+03     0s
   5   3.87779987e+04 -1.33468925e+05  1.88e-01 4.07e-03  3.16e+02     0s
   6   9.01582257e+03 -4.53369832e+04  1.88e-07 4.07e-09  9.90e+01     0s
   7   2.71870024e+03 -9.82094565e+03  3.48e-08 7.56e-10  2.28e+01     0s
   8   4.48187651e+02 -1.21154295e+03  2.49e-13 2.40e-13  3.02e+00     0s
   9   9.19785038e+01 -1.47127909e+02  3.34e-13 1.27e-13  4.36e-01     0s
  10   3.48752461e+01 -1.36730031e+01  2.11e-13 3.08e-14  8.84e-02     0s
  11   2.43102450e+01  1.94990113e+01  1.92e-13 1.51e-14  8.76e-03     0s
  12   2.25270320e+01  2.19910277e+01  1.08e-13 5.77e-15  9.76e-04     0s
  13   2.22151904e+01  2.21640380e+01  2.84e-14 4.00e-15  9.32e-05     0s
  14   2.21810192e+01  2.21780097e+01  2.84e-14 4.22e-15  5.48e-06     0s
  15   2.21790491e+01  2.21788568e+01  2.13e-14 3.33e-15  3.50e-07     0s
  16   2.21789430e+01  2.21789348e+01  2.84e-14 3.55e-15  1.49e-08     0s
  17   2.21789378e+01  2.21789372e+01  2.13e-14 3.11e-15  1.12e-09     0s

Barrier solved model in 17 iterations and 0.12 seconds
Optimal objective 2.21789378e+01


Parameter OutputFlag unchanged
   Value: 1  Min: 0  Max: 1  Default: 1
Changed value of parameter QCPDual to 1
   Prev: 0  Min: 0  Max: 1  Default: 0
Optimize a model with 651 rows, 258 columns and 1632 nonzeros
Model has 12 quadratic constraints
Coefficient statistics:
  Matrix range     [1e+00, 2e+00]
  QMatrix range    [1e+00, 1e+00]
  Objective range  [1e+00, 1e+00]
  Bounds range     [0e+00, 0e+00]
  RHS range        [1e+00, 1e+00]
Presolve removed 441 rows and 38 columns
Presolve time: 0.01s
Presolved: 210 rows, 220 columns, 1163 nonzeros
Presolved model has 12 second-order cone constraints
Ordering time: 0.00s

Barrier statistics:
 Free vars  : 1
 AA' NZ     : 5.198e+03
 Factor NZ  : 1.043e+04
 Factor Ops : 7.511e+05 (less than 1 second per iteration)
 Threads    : 1

                  Objective                Residual
Iter       Primal          Dual         Primal    Dual     Compl     Time
   0   5.50778737e+01 -3.66240000e+01  1.08e+02 1.00e-01  6.37e-01     0s
   1   1.20743091e+01 -3.06435922e+01  3.13e+01 3.86e-06  1.73e-01     0s
   2   4.06420010e+00 -1.59266852e+01  7.00e+00 1.16e-06  5.14e-02     0s
   3   3.24308070e+00 -2.38904150e+00  4.48e+00 2.94e-07  1.87e-02     0s
   4   3.02225797e+00  3.57808577e+00  3.19e+00 7.98e-08  1.04e-02     0s
   5   4.36185322e+00  5.38022602e+00  1.69e+00 6.09e-08  5.70e-03     0s
   6   5.74184086e+00  7.69719608e+00  1.14e+00 1.09e-07  3.93e-03     0s
   7   6.18510405e+00  8.13243125e+00  9.72e-01 1.08e-07  3.38e-03     0s
   8   6.56658161e+00  9.13716052e+00  8.51e-01 9.50e-08  2.68e-03     0s
   9   7.06561470e+00  1.05460341e+01  7.20e-01 4.42e-08  2.38e-03     0s
  10   7.39176675e+00  1.08421130e+01  6.44e-01 3.52e-08  2.14e-03     0s
  11   9.02526337e+00  1.11752850e+01  4.10e-01 4.27e-08  1.93e-03     0s
  12   1.08480864e+01  1.18071621e+01  1.96e-01 7.23e-09  1.60e-03     0s
  13   1.20802039e+01  1.22124928e+01  3.14e-02 1.06e-08  4.22e-04     0s
  14   1.22501076e+01  1.22765729e+01  4.35e-03 3.97e-09  3.89e-05     0s
  15   1.22785613e+01  1.22807283e+01  3.52e-04 3.26e-10  3.08e-06     0s
  16   1.22807596e+01  1.22810776e+01  4.74e-05 8.42e-10  3.66e-07     0s
  17   1.22809008e+01  1.22810901e+01  2.75e-05 3.14e-08  2.04e-07     0s
  18   1.22810178e+01  1.22810948e+01  1.12e-05 8.06e-08  8.23e-08     0s
  19   1.22810910e+01  1.22810980e+01  1.20e-06 1.44e-07  1.10e-08     0s

Barrier solved model in 19 iterations and 0.05 seconds
Optimal objective 1.22810910e+01

Solving KKT system to obtain QCP duals...

Optimize a model with 663 rows, 258 columns and 1668 nonzeros
Coefficient statistics:
  Matrix range     [8e-02, 2e+01]
  Objective range  [1e-09, 2e+01]
  QObjective range [2e+00, 2e+00]
  Bounds range     [0e+00, 0e+00]
  RHS range        [2e-09, 1e+00]
Presolve removed 409 rows and 5 columns
Presolve time: 0.05s
Presolved: 254 rows, 253 columns, 1220 nonzeros
Ordering time: 0.00s

Barrier statistics:
 Free vars  : 47
 AA' NZ     : 3.227e+03
 Factor NZ  : 1.391e+04
 Factor Ops : 1.157e+06 (less than 1 second per iteration)
 Threads    : 1

                  Objective                Residual
Iter       Primal          Dual         Primal    Dual     Compl     Time
   0   5.14412942e+07 -5.21402736e+07  2.30e+04 4.98e+02  9.98e+05     0s
   1   1.28694573e+07 -1.35432538e+07  9.32e+03 2.02e+02  4.31e+05     0s
   2   3.77213889e+06 -4.57615602e+06  1.04e+03 2.26e+01  7.07e+04     0s
   3   9.91775043e+05 -1.76742661e+06  7.60e+01 1.64e+00  9.00e+03     0s
   4   1.71653978e+05 -5.73576336e+05  4.23e-01 9.15e-03  1.37e+03     0s
   5   4.59859539e+04 -1.56301826e+05  6.32e-02 1.37e-03  3.69e+02     0s
   6   1.10669373e+04 -6.63629029e+04  6.32e-08 1.37e-09  1.41e+02     0s
   7   3.06491281e+03 -1.27616044e+04  1.04e-08 2.25e-10  2.88e+01     0s
   8   5.39274021e+02 -1.91973387e+03  2.98e-13 1.70e-13  4.48e+00     0s
   9   1.30907570e+02 -3.17222178e+02  1.35e-13 8.75e-14  8.16e-01     0s
  10   3.29097154e+01 -3.99165468e+01  2.34e-13 2.66e-14  1.33e-01     0s
  11   1.57290090e+01  7.47293629e+00  2.77e-13 2.04e-14  1.50e-02     0s
  12   1.28172571e+01  1.19412039e+01  1.39e-13 7.99e-15  1.60e-03     0s
  13   1.23577544e+01  1.22588519e+01  2.84e-14 3.55e-15  1.80e-04     0s
  14   1.22859856e+01  1.22757313e+01  1.42e-14 3.33e-15  1.87e-05     0s
  15   1.22812483e+01  1.22809981e+01  2.13e-14 4.88e-15  4.56e-07     0s
  16   1.22811122e+01  1.22810918e+01  2.13e-14 4.00e-15  3.71e-08     0s
  17   1.22811017e+01  1.22810997e+01  2.13e-14 4.66e-15  3.60e-09     0s

Barrier solved model in 17 iterations and 0.06 seconds
Optimal objective 1.22811017e+01


Parameter OutputFlag unchanged
   Value: 1  Min: 0  Max: 1  Default: 1
Changed value of parameter QCPDual to 1
   Prev: 0  Min: 0  Max: 1  Default: 0
Optimize a model with 685 rows, 258 columns and 1546 nonzeros
Model has 12 quadratic constraints
Coefficient statistics:
  Matrix range     [1e+00, 2e+00]
  QMatrix range    [1e+00, 1e+00]
  Objective range  [1e+00, 1e+00]
  Bounds range     [0e+00, 0e+00]
  RHS range        [1e+00, 1e+00]
Presolve removed 475 rows and 38 columns
Presolve time: 0.01s
Presolved: 210 rows, 220 columns, 1041 nonzeros
Presolved model has 12 second-order cone constraints
Ordering time: 0.00s

Barrier statistics:
 Free vars  : 1
 AA' NZ     : 4.437e+03
 Factor NZ  : 1.028e+04
 Factor Ops : 7.405e+05 (less than 1 second per iteration)
 Threads    : 1

                  Objective                Residual
Iter       Primal          Dual         Primal    Dual     Compl     Time
   0   6.17233724e+01 -3.41240000e+01  7.12e+01 1.00e-01  7.08e-01     0s
   1   1.76033056e+01 -3.05264385e+01  2.47e+01 3.01e-06  2.18e-01     0s
   2   8.46728387e+00 -1.73699352e+01  8.38e+00 3.89e-07  8.01e-02     0s
   3   5.52780610e+00 -5.24242361e+00  4.54e+00 1.87e-07  3.54e-02     0s
   4   5.04679478e+00  2.99508700e-01  3.34e+00 8.79e-08  2.26e-02     0s
   5   5.73996328e+00  5.05200637e+00  2.42e+00 4.11e-08  1.62e-02     0s
   6   7.29816558e+00  7.57064327e+00  1.61e+00 9.06e-08  1.21e-02     0s
   7   8.64168004e+00  1.08525001e+01  1.13e+00 7.91e-08  8.55e-03     0s
   8   1.04875207e+01  1.25789220e+01  7.48e-01 9.21e-08  7.10e-03     0s
   9   1.29680903e+01  1.29072801e+01  4.11e-01 1.50e-07  6.11e-03     0s
  10   1.61182919e+01  1.47952982e+01  3.01e-02 8.06e-08  3.10e-03     0s
  11   1.56757908e+01  1.55505576e+01  3.89e-03 5.70e-08  3.15e-04     0s
  12   1.56049213e+01  1.55993871e+01  4.37e-05 3.93e-08  1.13e-05     0s
  13   1.56032881e+01  1.56029205e+01  2.35e-06 7.91e-09  7.42e-07     0s
  14   1.56032192e+01  1.56031625e+01  6.99e-07 3.43e-08  1.21e-07     0s
  15   1.56031886e+01  1.56031859e+01  1.65e-08 1.32e-07  5.16e-09     0s

Barrier solved model in 15 iterations and 0.03 seconds
Optimal objective 1.56031886e+01

Solving KKT system to obtain QCP duals...

Optimize a model with 697 rows, 258 columns and 1582 nonzeros
Coefficient statistics:
  Matrix range     [3e-08, 2e+01]
  Objective range  [4e-09, 2e+01]
  QObjective range [2e+00, 2e+00]
  Bounds range     [0e+00, 0e+00]
  RHS range        [1e-08, 1e+00]
Presolve removed 443 rows and 5 columns
Presolve time: 0.04s
Presolved: 254 rows, 253 columns, 1096 nonzeros
Ordering time: 0.00s

Barrier statistics:
 Free vars  : 47
 AA' NZ     : 2.979e+03
 Factor NZ  : 1.314e+04
 Factor Ops : 1.033e+06 (less than 1 second per iteration)
 Threads    : 1

                  Objective                Residual
Iter       Primal          Dual         Primal    Dual     Compl     Time
   0   5.14305212e+07 -5.20475998e+07  1.30e+04 5.00e+02  1.00e+06     0s
   1   1.32549078e+07 -1.38730443e+07  5.24e+03 2.01e+02  4.38e+05     0s
   2   3.90307935e+06 -4.66250143e+06  5.77e+02 2.22e+01  6.94e+04     0s
   3   9.52616859e+05 -1.71015805e+06  4.02e+01 1.55e+00  8.68e+03     0s
   4   1.70591596e+05 -6.76401448e+05  4.02e-05 1.55e-06  1.54e+03     0s
   5   2.88760810e+04 -9.35336954e+04  3.48e-06 1.34e-07  2.23e+02     0s
   6   6.56967385e+03 -3.50237008e+04  4.09e-12 4.95e-13  7.58e+01     0s
   7   1.23056405e+03 -4.51977959e+03  7.57e-13 3.17e-13  1.05e+01     0s
   8   2.43562008e+02 -1.07928439e+03  1.78e-13 8.62e-14  2.41e+00     0s
   9   6.00706256e+01 -9.52709537e+01  5.33e-14 6.53e-14  2.83e-01     0s
  10   2.29672520e+01 -3.64097788e+00  1.69e-13 1.20e-14  4.85e-02     0s
  11   1.69478910e+01  1.38507699e+01  7.02e-14 1.20e-14  5.64e-03     0s
  12   1.58332379e+01  1.54543951e+01  4.17e-14 2.46e-15  6.90e-04     0s
  13   1.56351134e+01  1.55878720e+01  1.07e-14 2.55e-15  8.60e-05     0s
  14   1.56048016e+01  1.56021094e+01  1.07e-14 1.78e-15  4.90e-06     0s
  15   1.56032455e+01  1.56031430e+01  7.11e-15 3.44e-15  1.87e-07     0s
  16   1.56031916e+01  1.56031847e+01  7.11e-15 2.22e-15  1.27e-08     0s
  17   1.56031881e+01  1.56031874e+01  7.11e-15 5.55e-15  1.21e-09     0s

Barrier solved model in 17 iterations and 0.05 seconds
Optimal objective 1.56031881e+01


Parameter OutputFlag unchanged
   Value: 1  Min: 0  Max: 1  Default: 1
Changed value of parameter QCPDual to 1
   Prev: 0  Min: 0  Max: 1  Default: 0
Optimize a model with 698 rows, 258 columns and 1559 nonzeros
Model has 12 quadratic constraints
Coefficient statistics:
  Matrix range     [1e+00, 2e+00]
  QMatrix range    [1e+00, 1e+00]
  Objective range  [1e+00, 1e+00]
  Bounds range     [0e+00, 0e+00]
  RHS range        [1e+00, 1e+00]
Presolve removed 448 rows and 4 columns
Presolve time: 0.00s

Barrier solved model in 0 iterations and 0.00 seconds
Model is infeasible or unbounded
Parameter OutputFlag unchanged
   Value: 1  Min: 0  Max: 1  Default: 1
Changed value of parameter QCPDual to 1
   Prev: 0  Min: 0  Max: 1  Default: 0
Optimize a model with 689 rows, 258 columns and 1550 nonzeros
Model has 12 quadratic constraints
Coefficient statistics:
  Matrix range     [1e+00, 2e+00]
  QMatrix range    [1e+00, 1e+00]
  Objective range  [1e+00, 1e+00]
  Bounds range     [0e+00, 0e+00]
  RHS range        [1e+00, 1e+00]
Presolve removed 479 rows and 39 columns
Presolve time: 0.01s
Presolved: 210 rows, 219 columns, 1014 nonzeros
Presolved model has 12 second-order cone constraints
Ordering time: 0.00s

Barrier statistics:
 Free vars  : 1
 AA' NZ     : 4.127e+03
 Factor NZ  : 1.096e+04
 Factor Ops : 8.244e+05 (less than 1 second per iteration)
 Threads    : 1

                  Objective                Residual
Iter       Primal          Dual         Primal    Dual     Compl     Time
   0   6.98839764e+01 -3.12240000e+01  8.00e+01 1.00e-01  7.56e-01     0s
   1   2.05821273e+01 -2.52565163e+01  2.73e+01 3.04e-06  2.35e-01     0s
   2   1.21681402e+01 -7.62862657e+00  1.34e+01 1.25e-06  1.06e-01     0s
   3   9.32126695e+00  1.50019881e+01  8.09e+00 5.84e-07  5.24e-02     0s
   4   9.55476130e+00  2.89474151e+01  7.55e+00 3.15e-07  4.57e-02     0s
   5   1.64262327e+01  3.28202062e+01  6.15e+00 1.72e-07  4.46e-02     0s
   6   3.66884207e+01  6.78404461e+01  5.00e+00 4.22e-08  5.27e-02     0s
   7   4.63438448e+01  9.35126315e+01  4.09e+00 8.79e-08  3.71e-02     0s
   8   5.40495621e+01  1.06953812e+02  3.61e+00 1.40e-07  3.16e-02     0s
   9   6.16482164e+01  1.15229424e+02  3.21e+00 1.67e-07  2.79e-02     0s
  10   6.71101432e+01  1.21132483e+02  2.95e+00 1.79e-07  2.54e-02     0s
  11   7.38222418e+01  1.25114784e+02  2.63e+00 1.81e-07  2.28e-02     0s
  12   8.01326882e+01  1.35837335e+02  2.35e+00 1.73e-07  1.94e-02     0s
  13   9.63036973e+01  1.45872700e+02  1.83e+00 1.68e-07  2.07e-02     0s
  14   1.47292823e+02  1.54230333e+02  4.24e-01 1.20e-07  2.24e-02     0s
  15   1.57482558e+02  1.58342631e+02  1.10e-01 7.49e-08  7.90e-03     0s
  16   1.58811979e+02  1.59349178e+02  4.62e-02 3.71e-08  3.10e-03     0s
  17   1.59263817e+02  1.59686492e+02  2.52e-02 1.06e-08  1.46e-03     0s
  18   1.59535107e+02  1.59770172e+02  1.29e-02 2.02e-09  7.07e-04     0s
  19   1.59630440e+02  1.59784799e+02  8.21e-03 2.67e-08  4.47e-04     0s
  20   1.59758598e+02  1.59793015e+02  2.03e-03 1.32e-08  1.19e-04     0s
  21   1.59793511e+02  1.59797868e+02  2.75e-04 1.99e-08  1.66e-05     0s
  22   1.59796463e+02  1.59799157e+02  1.40e-04 1.42e-07  7.55e-06     0s
  23   1.59798886e+02  1.59799860e+02  4.47e-05 5.24e-07  2.20e-06     0s
  24   1.59799745e+02  1.59799917e+02  9.51e-06 7.39e-07  5.34e-07     0s
  25   1.59799901e+02  1.59799975e+02  3.50e-06 1.25e-06  1.77e-07     0s

Barrier solved model in 25 iterations and 0.05 seconds
Optimal objective 1.59799901e+02

Solving KKT system to obtain QCP duals...

Optimize a model with 701 rows, 258 columns and 1586 nonzeros
Coefficient statistics:
  Matrix range     [2e-03, 4e+01]
  Objective range  [3e-08, 4e+01]
  QObjective range [2e+00, 2e+00]
  Bounds range     [0e+00, 0e+00]
  RHS range        [6e-08, 1e+00]
Presolve removed 478 rows and 43 columns
Presolve time: 0.06s
Presolved: 223 rows, 215 columns, 927 nonzeros
Ordering time: 0.00s

Barrier statistics:
 Free vars  : 25
 AA' NZ     : 2.442e+03
 Factor NZ  : 1.028e+04
 Factor Ops : 7.312e+05 (less than 1 second per iteration)
 Threads    : 1

                  Objective                Residual
Iter       Primal          Dual         Primal    Dual     Compl     Time
   0   4.69459684e+07 -4.79389588e+07  1.10e+04 4.99e+02  9.99e+05     0s
   1   1.38939276e+07 -1.47745044e+07  4.40e+03 2.00e+02  4.36e+05     0s
   2   3.07533924e+06 -3.94265162e+06  5.80e+02 2.63e+01  7.91e+04     0s
   3   5.77343158e+05 -1.28346238e+06  1.61e+01 7.31e-01  5.70e+03     0s
   4   6.55193565e+04 -2.91349667e+05  1.74e-02 7.91e-04  7.54e+02     0s
   5   1.81978640e+04 -7.85664956e+04  3.21e-03 1.45e-04  2.04e+02     0s
   6   4.44436278e+03 -1.93094905e+04  3.21e-09 1.46e-10  5.01e+01     0s
   7   9.64981551e+02 -3.19203387e+03  3.61e-11 2.13e-12  8.77e+00     0s
   8   3.02396546e+02 -1.85079326e+02  1.62e-12 3.19e-13  1.03e+00     0s
   9   1.82040123e+02  1.19975334e+02  3.20e-13 8.02e-14  1.31e-01     0s
  10   1.64431374e+02  1.53653195e+02  1.21e-13 3.69e-14  2.27e-02     0s
  11   1.60472178e+02  1.59176606e+02  4.09e-14 8.66e-15  2.73e-03     0s
  12   1.59907934e+02  1.59634132e+02  2.13e-14 6.88e-15  5.78e-04     0s
  13   1.59830224e+02  1.59716731e+02  7.11e-15 2.09e-14  2.39e-04     0s
  14   1.59802098e+02  1.59790635e+02  1.07e-14 1.47e-14  2.42e-05     0s
  15   1.59800058e+02  1.59799836e+02  3.55e-15 8.88e-15  4.68e-07     0s
  16   1.59800009e+02  1.59799995e+02  7.11e-15 7.55e-15  3.12e-08     0s
  17   1.59800006e+02  1.59800004e+02  1.42e-14 1.10e-14  3.99e-09     0s

Barrier solved model in 17 iterations and 0.07 seconds
Optimal objective 1.59800006e+02


Parameter OutputFlag unchanged
   Value: 1  Min: 0  Max: 1  Default: 1
Changed value of parameter QCPDual to 1
   Prev: 0  Min: 0  Max: 1  Default: 0
Optimize a model with 291 rows, 143 columns and 742 nonzeros
Model has 12 quadratic constraints
Coefficient statistics:
  Matrix range     [1e+00, 2e+00]
  QMatrix range    [1e+00, 1e+00]
  Objective range  [1e+00, 1e+00]
  Bounds range     [0e+00, 0e+00]
  RHS range        [1e+00, 1e+00]
Presolve removed 191 rows and 34 columns
Presolve time: 0.01s
Presolved: 100 rows, 109 columns, 459 nonzeros
Presolved model has 12 second-order cone constraints
Ordering time: 0.00s

Barrier statistics:
 Free vars  : 1
 AA' NZ     : 1.187e+03
 Factor NZ  : 2.380e+03
 Factor Ops : 8.737e+04 (less than 1 second per iteration)
 Threads    : 1

                  Objective                Residual
Iter       Primal          Dual         Primal    Dual     Compl     Time
   0   7.02352832e+01 -1.90240000e+01  6.81e+01 1.00e-01  9.39e-01     0s
   1   2.00033090e+01 -1.47676545e+01  2.23e+01 3.41e-06  2.81e-01     0s
   2   1.02385278e+01 -3.03587107e+00  1.15e+01 2.00e-06  1.20e-01     0s
   3   9.62912213e+00  7.63918463e+00  8.07e+00 1.43e-06  7.83e-02     0s
   4   1.15691081e+01  1.95196839e+01  6.97e+00 1.19e-06  6.72e-02     0s
   5   1.34708282e+01  3.00757250e+01  6.17e+00 9.43e-07  5.72e-02     0s
   6   1.55304880e+01  3.92308472e+01  5.91e+00 8.64e-07  5.66e-02     0s
   7   1.88503824e+01  5.44404580e+01  5.26e+00 6.52e-07  5.28e-02     0s
   8   2.39857874e+01  7.01114618e+01  4.97e+00 4.23e-07  7.83e-02     0s
   9   4.74804218e+01  9.85251703e+01  3.72e+00 2.12e-07  1.01e-01     0s
  10   6.83777703e+01  1.10992731e+02  2.71e+00 7.41e-09  1.02e-01     0s
  11   8.41673168e+01  1.24572226e+02  2.12e+00 4.82e-08  9.21e-02     0s
  12   1.02062261e+02  1.38920333e+02  1.43e+00 9.90e-08  5.66e-02     0s
  13   1.09030435e+02  1.47822236e+02  1.22e+00 1.38e-07  4.45e-02     0s
  14   1.13356169e+02  1.52455519e+02  1.10e+00 1.61e-07  3.64e-02     0s
  15   1.15076877e+02  1.54589499e+02  1.06e+00 1.70e-07  3.46e-02     0s
  16   1.24556260e+02  1.57034186e+02  8.25e-01 1.84e-07  2.79e-02     0s
  17   1.27280197e+02  1.58013882e+02  7.68e-01 1.86e-07  2.78e-02     0s
  18   1.36597368e+02  1.61386973e+02  5.60e-01 2.73e-07  2.28e-02     0s
  19   1.41963869e+02  1.63773155e+02  4.53e-01 2.01e-07  1.92e-02     0s
  20   1.58203485e+02  1.64312923e+02  1.35e-01 6.71e-08  8.95e-03     0s
  21   1.61607858e+02  1.65022989e+02  7.18e-02 1.35e-07  4.79e-03     0s
  22   1.62668700e+02  1.65487024e+02  5.18e-02 5.91e-08  2.36e-03     0s
  23   1.63036547e+02  1.65612820e+02  4.55e-02 5.45e-08  2.14e-03     0s
  24   1.63741353e+02  1.65595657e+02  3.41e-02 2.78e-08  1.91e-03     0s
  25   1.64419494e+02  1.65555887e+02  2.26e-02 2.39e-08  1.55e-03     0s
  26   1.65093184e+02  1.65678074e+02  1.20e-02 1.35e-08  1.08e-03     0s
  27   1.65705241e+02  1.65738957e+02  6.70e-04 3.26e-08  6.05e-05     0s
  28   1.65737580e+02  1.65741971e+02  8.49e-05 3.71e-07  7.16e-06     0s
  29   1.65742203e+02  1.65742198e+02  1.18e-06 7.24e-07  3.99e-07     0s

Barrier solved model in 29 iterations and 0.04 seconds
Optimal objective 1.65742203e+02

Solving KKT system to obtain QCP duals...

Optimize a model with 303 rows, 143 columns and 778 nonzeros
Coefficient statistics:
  Matrix range     [2e-06, 6e+01]
  Objective range  [4e-08, 6e+01]
  QObjective range [2e+00, 2e+00]
  Bounds range     [0e+00, 0e+00]
  RHS range        [4e-07, 1e+00]
Presolve removed 185 rows and 28 columns
Presolve time: 0.05s
Presolved: 118 rows, 115 columns, 472 nonzeros
Ordering time: 0.00s

Barrier statistics:
 Free vars  : 25
 AA' NZ     : 8.220e+02
 Factor NZ  : 2.122e+03
 Factor Ops : 6.626e+04 (less than 1 second per iteration)
 Threads    : 1

                  Objective                Residual
Iter       Primal          Dual         Primal    Dual     Compl     Time
   0   2.19554879e+07 -2.26589866e+07  1.10e+04 5.00e+02  9.96e+05     0s
   1   7.09996801e+06 -7.64005400e+06  3.40e+03 1.55e+02  3.39e+05     0s
   2   1.59221343e+06 -1.98379716e+06  3.33e+02 1.51e+01  4.80e+04     0s
   3   2.56648640e+05 -5.07390801e+05  6.18e-01 2.81e-02  4.09e+03     0s
   4   3.24578429e+04 -8.28441572e+04  6.18e-07 2.81e-08  6.10e+02     0s
   5   5.36131980e+03 -1.68179409e+04  1.49e-12 4.32e-13  1.17e+02     0s
   6   6.94792117e+02 -1.45367552e+03  3.38e-13 2.46e-13  1.14e+01     0s
   7   2.46499603e+02 -2.38679880e+01  2.31e-13 1.34e-13  1.43e+00     0s
   8   1.78627529e+02  1.45406507e+02  2.49e-13 4.66e-14  1.76e-01     0s
   9   1.67781309e+02  1.64421394e+02  1.53e-13 1.69e-14  1.78e-02     0s
  10   1.65973191e+02  1.65687974e+02  3.55e-14 6.66e-15  1.51e-03     0s
  11   1.65753746e+02  1.65722106e+02  1.42e-14 1.42e-14  1.67e-04     0s
  12   1.65742435e+02  1.65741903e+02  7.11e-15 7.99e-15  2.81e-06     0s
  13   1.65742248e+02  1.65742188e+02  7.11e-15 1.15e-14  3.21e-07     0s
  14   1.65742229e+02  1.65742225e+02  7.11e-15 5.33e-15  2.30e-08     0s
  15   1.65742227e+02  1.65742227e+02  7.11e-15 1.24e-14  2.35e-09     0s

Barrier solved model in 15 iterations and 0.05 seconds
Optimal objective 1.65742227e+02


Parameter OutputFlag unchanged
   Value: 1  Min: 0  Max: 1  Default: 1
Changed value of parameter QCPDual to 1
   Prev: 0  Min: 0  Max: 1  Default: 0
Optimize a model with 290 rows, 143 columns and 741 nonzeros
Model has 12 quadratic constraints
Coefficient statistics:
  Matrix range     [1e+00, 2e+00]
  QMatrix range    [1e+00, 1e+00]
  Objective range  [1e+00, 1e+00]
  Bounds range     [0e+00, 0e+00]
  RHS range        [1e+00, 1e+00]
Presolve removed 190 rows and 34 columns
Presolve time: 0.01s
Presolved: 100 rows, 109 columns, 459 nonzeros
Presolved model has 12 second-order cone constraints
Ordering time: 0.00s

Barrier statistics:
 Free vars  : 1
 AA' NZ     : 1.197e+03
 Factor NZ  : 2.118e+03
 Factor Ops : 6.952e+04 (less than 1 second per iteration)
 Threads    : 1

                  Objective                Residual
Iter       Primal          Dual         Primal    Dual     Compl     Time
   0   6.01884093e+01 -1.97240000e+01  5.88e+01 1.00e-01  8.26e-01     0s
   1   1.46162588e+01 -1.52699887e+01  1.69e+01 3.05e-06  2.25e-01     0s
   2   9.29726810e+00 -3.51817655e+00  9.64e+00 1.95e-06  1.07e-01     0s
   3   8.21552373e+00  6.10969798e+00  6.73e+00 1.08e-06  6.81e-02     0s
   4   1.01060722e+01  1.51054445e+01  5.82e+00 9.16e-07  6.12e-02     0s
   5   1.17422702e+01  3.16016980e+01  5.41e+00 6.30e-07  5.59e-02     0s
   6   1.62128936e+01  5.50547469e+01  4.79e+00 3.48e-07  4.89e-02     0s
   7   2.41243184e+01  7.56753288e+01  4.24e+00 2.93e-07  5.69e-02     0s
   8   2.99359647e+01  9.83693360e+01  3.79e+00 2.70e-07  6.42e-02     0s
   9   3.74027710e+01  9.68567615e+01  3.35e+00 2.33e-07  6.14e-02     0s
  10   5.44701519e+01  1.05649625e+02  2.94e+00 2.10e-07  9.47e-02     0s
  11   7.72049444e+01  1.15644466e+02  2.11e+00 2.88e-08  9.81e-02     0s
  12   1.02261534e+02  1.43605381e+02  1.46e+00 1.35e-07  9.55e-02     0s
  13   1.13292586e+02  1.47634965e+02  1.25e+00 1.79e-07  1.16e-01     0s
  14   1.17674611e+02  1.58634356e+02  1.16e+00 1.74e-07  1.07e-01     0s
  15   1.24063574e+02  1.63870133e+02  1.06e+00 1.89e-07  1.15e-01     0s
  16   1.33516318e+02  1.74968742e+02  8.63e-01 1.95e-07  9.00e-02     0s
  17   1.37099538e+02  1.80110792e+02  8.14e-01 2.11e-07  8.83e-02     0s
  18   1.51199298e+02  1.82033971e+02  6.31e-01 1.68e-07  8.94e-02     0s
  19   1.81120705e+02  1.85017767e+02  2.99e-01 5.03e-08  9.94e-02     0s
  20   1.87922551e+02  2.03393368e+02  2.09e-01 7.48e-08  3.20e-02     0s
  21   1.97756681e+02  2.04966600e+02  9.40e-02 1.53e-08  1.43e-02     0s
  22   2.03422143e+02  2.05683857e+02  2.70e-02 1.02e-08  3.49e-03     0s
  23   2.04720739e+02  2.05837000e+02  1.23e-02 1.41e-09  1.33e-03     0s
  24   2.05488289e+02  2.05899761e+02  4.35e-03 3.34e-09  4.18e-04     0s
  25   2.05751993e+02  2.05924707e+02  1.76e-03 1.36e-08  1.50e-04     0s
  26   2.05864933e+02  2.05933265e+02  6.78e-04 8.56e-08  5.24e-05     0s
  27   2.05916202e+02  2.05935681e+02  1.99e-04 1.85e-07  1.80e-05     0s
  28   2.05933422e+02  2.05936875e+02  3.70e-05 6.07e-07  4.11e-06     0s
  29   2.05937122e+02  2.05937100e+02  3.03e-07 1.32e-06  2.47e-07     0s

Barrier solved model in 29 iterations and 0.04 seconds
Optimal objective 2.05937122e+02

Solving KKT system to obtain QCP duals...

Optimize a model with 302 rows, 143 columns and 777 nonzeros
Coefficient statistics:
  Matrix range     [3e-07, 6e+01]
  Objective range  [2e-09, 6e+01]
  QObjective range [2e+00, 2e+00]
  Bounds range     [0e+00, 0e+00]
  RHS range        [1e-07, 1e+00]
Presolve removed 184 rows and 28 columns
Presolve time: 0.05s
Presolved: 118 rows, 115 columns, 472 nonzeros
Ordering time: 0.00s

Barrier statistics:
 Free vars  : 25
 AA' NZ     : 8.220e+02
 Factor NZ  : 2.122e+03
 Factor Ops : 6.626e+04 (less than 1 second per iteration)
 Threads    : 1

                  Objective                Residual
Iter       Primal          Dual         Primal    Dual     Compl     Time
   0   2.18382149e+07 -2.26582518e+07  1.10e+04 4.98e+02  9.95e+05     0s
   1   6.96509159e+06 -7.58888978e+06  3.40e+03 1.54e+02  3.38e+05     0s
   2   1.57335801e+06 -2.01446302e+06  3.67e+02 1.66e+01  5.11e+04     0s
   3   2.17363009e+05 -4.82488775e+05  3.67e-04 1.66e-05  3.70e+03     0s
   4   1.94338049e+04 -5.50500835e+04  1.58e-06 7.16e-08  3.94e+02     0s
   5   2.93534776e+03 -1.14269018e+04  5.68e-08 2.57e-09  7.60e+01     0s
   6   6.90171606e+02 -2.19601904e+03  1.63e-13 1.93e-13  1.53e+01     0s
   7   2.82546578e+02  1.52957886e+01  2.20e-13 1.76e-13  1.41e+00     0s
   8   2.18597944e+02  1.81558574e+02  2.31e-13 6.71e-14  1.96e-01     0s
   9   2.07703966e+02  2.04991232e+02  1.39e-13 3.60e-14  1.44e-02     0s
  10   2.06133283e+02  2.05904166e+02  8.88e-14 7.38e-15  1.21e-03     0s
  11   2.05941135e+02  2.05935917e+02  1.42e-14 1.38e-14  2.76e-05     0s
  12   2.05937332e+02  2.05936919e+02  7.11e-15 9.77e-15  2.18e-06     0s
  13   2.05937150e+02  2.05937105e+02  7.11e-15 1.60e-14  2.40e-07     0s
  14   2.05937130e+02  2.05937125e+02  7.11e-15 6.66e-15  2.41e-08     0s
  15   2.05937128e+02  2.05937128e+02  7.11e-15 1.91e-14  2.81e-09     0s

Barrier solved model in 15 iterations and 0.05 seconds
Optimal objective 2.05937128e+02



Gurobi 8.0.0 (win64, Python) logging started 08/06/19 14:18:23

Academic license - for non-commercial use only
Parameter OutputFlag unchanged
   Value: 1  Min: 0  Max: 1  Default: 1
Changed value of parameter QCPDual to 1
   Prev: 0  Min: 0  Max: 1  Default: 0
Optimize a model with 171 rows, 57 columns and 331 nonzeros
Model has 1 quadratic constraint
Coefficient statistics:
  Matrix range     [1e+00, 2e+00]
  QMatrix range    [1e+00, 1e+00]
  Objective range  [1e+00, 1e+00]
  Bounds range     [0e+00, 0e+00]
  RHS range        [1e+00, 1e+00]
Presolve removed 129 rows and 8 columns
Presolve time: 0.01s
Presolved: 42 rows, 49 columns, 228 nonzeros
Presolved model has 1 second-order cone constraint
Ordering time: 0.00s

Barrier statistics:
 AA' NZ     : 3.360e+02
 Factor NZ  : 6.970e+02
 Factor Ops : 1.465e+04 (less than 1 second per iteration)
 Threads    : 1

                  Objective                Residual
Iter       Primal          Dual         Primal    Dual     Compl     Time
   0   2.93696213e+00 -5.50200000e+00  2.29e+01 1.00e-01  4.02e-01     0s
   1   8.87963095e-01 -4.68323606e+00  8.68e+00 1.10e-07  1.25e-01     0s
   2   7.50740040e-02 -2.60964782e+00  4.47e-01 2.08e-10  2.57e-02     0s
   3   3.71708922e-02 -1.44859546e-01  4.92e-07 1.15e-12  1.57e-03     0s
   4   2.96390266e-03 -1.50850114e-03  1.73e-12 2.02e-14  3.86e-05     0s
   5   2.37328417e-04 -3.30454910e-04  7.96e-12 1.01e-13  4.89e-06     0s
   6   6.25840385e-05 -5.66426650e-05  1.64e-10 2.21e-13  1.03e-06     0s
   7   4.00764849e-06 -4.39680803e-06  4.85e-10 4.42e-13  7.25e-08     0s
   8   1.64581250e-06 -1.41961159e-06  5.94e-10 1.47e-10  2.64e-08     0s
   9   1.78240070e-07 -2.15252941e-07  2.16e-10 1.25e-11  3.39e-09     0s

Barrier solved model in 9 iterations and 0.03 seconds
Optimal objective 1.78240070e-07

Solving KKT system to obtain QCP duals...

Optimize a model with 172 rows, 57 columns and 334 nonzeros
Coefficient statistics:
  Matrix range     [1e-03, 2e+00]
  Objective range  [5e-04, 3e+00]
  QObjective range [2e+00, 2e+00]
  Bounds range     [0e+00, 0e+00]
  RHS range        [5e-07, 1e+00]
Presolve removed 117 rows and 2 columns
Presolve time: 0.04s
Presolved: 55 rows, 55 columns, 204 nonzeros
Ordering time: 0.00s

Barrier statistics:
 Free vars  : 7
 AA' NZ     : 3.350e+02
 Factor NZ  : 9.100e+02
 Factor Ops : 1.864e+04 (less than 1 second per iteration)
 Threads    : 1

                  Objective                Residual
Iter       Primal          Dual         Primal    Dual     Compl     Time
   0   1.19896359e+07 -1.21058240e+07  6.00e+03 5.00e+02  1.00e+06     0s
   1   2.08821024e+06 -2.20567526e+06  1.46e+03 1.22e+02  2.60e+05     0s
   2   6.11614116e+05 -7.52956178e+05  1.04e+02 8.64e+00  2.95e+04     0s
   3   9.39546291e+04 -2.17505042e+05  1.23e+00 1.02e-01  2.65e+03     0s
   4   1.13859758e+04 -2.38373046e+04  1.23e-06 1.02e-07  2.77e+02     0s
   5   1.14671637e+03 -2.81860384e+03  4.78e-09 3.98e-10  3.12e+01     0s
   6   1.33108719e+02 -1.04571388e+03  1.24e-14 2.46e-14  9.28e+00     0s
   7   1.36011322e+01 -5.57589027e+01  5.33e-15 1.23e-14  5.46e-01     0s
   8   1.33080441e+00 -1.03426013e+01  1.33e-15 1.11e-15  9.19e-02     0s
   9   1.88696320e-01 -8.44625037e-01  1.78e-15 4.44e-16  8.14e-03     0s
  10   2.13620300e-02 -2.76466421e-02  5.00e-16 4.44e-16  3.86e-04     0s
  11   2.79703446e-03 -3.58986075e-03  5.00e-16 4.44e-16  5.03e-05     0s
  12   3.88957212e-04 -4.87546157e-04  8.33e-16 4.44e-16  6.90e-06     0s
  13   5.29065862e-05 -6.93557738e-05  1.78e-15 4.44e-16  9.63e-07     0s
  14   6.80964779e-06 -1.03372385e-05  1.78e-15 2.22e-16  1.35e-07     0s
  15   7.87036939e-07 -1.59254062e-06  4.44e-16 4.44e-16  1.87e-08     0s
  16   1.07294845e-07 -1.95566066e-07  6.11e-16 2.22e-16  2.38e-09     0s
  17   5.74643337e-08  3.53347644e-08  9.44e-16 4.44e-16  1.74e-10     0s

Barrier solved model in 17 iterations and 0.04 seconds
Optimal objective 5.74643337e-08


Parameter OutputFlag unchanged
   Value: 1  Min: 0  Max: 1  Default: 1
Changed value of parameter QCPDual to 1
   Prev: 0  Min: 0  Max: 1  Default: 0
Optimize a model with 289 rows, 143 columns and 740 nonzeros
Model has 12 quadratic constraints
Coefficient statistics:
  Matrix range     [1e+00, 2e+00]
  QMatrix range    [1e+00, 1e+00]
  Objective range  [1e+00, 1e+00]
  Bounds range     [0e+00, 0e+00]
  RHS range        [1e+00, 1e+00]
Presolve removed 189 rows and 34 columns
Presolve time: 0.01s
Presolved: 100 rows, 109 columns, 459 nonzeros
Presolved model has 12 second-order cone constraints
Ordering time: 0.00s

Barrier statistics:
 Free vars  : 1
 AA' NZ     : 1.197e+03
 Factor NZ  : 2.211e+03
 Factor Ops : 7.760e+04 (less than 1 second per iteration)
 Threads    : 1

                  Objective                Residual
Iter       Primal          Dual         Primal    Dual     Compl     Time
   0   6.15131180e+01 -1.98240000e+01  6.01e+01 1.00e-01  8.42e-01     0s
   1   1.62840060e+01 -1.49397149e+01  1.96e+01 3.15e-06  2.48e-01     0s
   2   1.01159961e+01  2.40894172e+00  1.15e+01 1.35e-06  1.02e-01     0s
   3   9.69374233e+00  1.74993373e+01  8.73e+00 8.68e-07  7.06e-02     0s
   4   1.11031206e+01  4.02807240e+01  7.76e+00 6.90e-07  6.80e-02     0s
   5   1.36372688e+01  5.34235712e+01  7.00e+00 6.62e-07  6.04e-02     0s
   6   1.63882383e+01  6.06196896e+01  6.50e+00 5.04e-07  6.00e-02     0s
   7   1.78765625e+01  7.82843359e+01  6.29e+00 4.33e-07  6.25e-02     0s
   8   2.30277301e+01  8.36568062e+01  5.67e+00 4.16e-07  5.13e-02     0s
   9   2.85230897e+01  7.88795343e+01  5.15e+00 3.79e-07  5.41e-02     0s
  10   4.04978902e+01  9.18222610e+01  4.81e+00 3.56e-07  8.61e-02     0s
  11   6.43530283e+01  1.11507168e+02  3.69e+00 2.24e-07  1.07e-01     0s
  12   7.28073448e+01  1.37223771e+02  3.31e+00 8.25e-08  1.03e-01     0s
  13   9.87218261e+01  1.55080400e+02  2.44e+00 5.46e-08  9.90e-02     0s
  14   1.11072968e+02  1.84169365e+02  2.06e+00 1.23e-07  8.96e-02     0s
  15   1.19065870e+02  1.83821814e+02  1.83e+00 1.56e-07  7.94e-02     0s
  16   1.29267150e+02  1.86523223e+02  1.59e+00 1.34e-07  7.64e-02     0s
  17   1.35906802e+02  2.03980999e+02  1.43e+00 2.50e-07  8.08e-02     0s
  18   1.43118425e+02  2.01588215e+02  1.27e+00 2.50e-07  8.82e-02     0s
  19   1.48063383e+02  2.02204660e+02  1.17e+00 2.77e-07  8.37e-02     0s
  20   1.51645541e+02  2.04079696e+02  1.13e+00 2.79e-07  8.86e-02     0s
  21   1.58435643e+02  2.09385842e+02  1.02e+00 5.92e-07  9.49e-02     0s
  22   1.61131125e+02  2.19012361e+02  9.89e-01 5.78e-07  8.92e-02     0s
  23   1.70315168e+02  2.20020723e+02  8.63e-01 4.88e-07  8.67e-02     0s
  24   1.83407251e+02  2.25408807e+02  6.65e-01 3.89e-07  6.86e-02     0s
  25   1.97173187e+02  2.28448806e+02  4.74e-01 1.15e-07  4.93e-02     0s
  26   2.14560665e+02  2.32251840e+02  2.72e-01 4.18e-08  4.49e-02     0s
  27   2.35268606e+02  2.36079355e+02  2.21e-02 7.18e-09  6.90e-03     0s
  28   2.36746912e+02  2.36756499e+02  5.99e-04 2.41e-09  2.47e-04     0s
  29   2.36780128e+02  2.36779552e+02  7.43e-06 4.74e-08  6.32e-06     0s
  30   2.36780104e+02  2.36780056e+02  5.09e-07 1.06e-06  4.69e-07     0s

Barrier solved model in 30 iterations and 0.04 seconds
Optimal objective 2.36780104e+02

Solving KKT system to obtain QCP duals...

Optimize a model with 301 rows, 143 columns and 776 nonzeros
Coefficient statistics:
  Matrix range     [8e-07, 7e+01]
  Objective range  [4e-09, 7e+01]
  QObjective range [2e+00, 2e+00]
  Bounds range     [0e+00, 0e+00]
  RHS range        [6e-07, 1e+00]
Presolve removed 183 rows and 28 columns
Presolve time: 0.05s
Presolved: 118 rows, 115 columns, 472 nonzeros
Ordering time: 0.00s

Barrier statistics:
 Free vars  : 25
 AA' NZ     : 8.220e+02
 Factor NZ  : 2.122e+03
 Factor Ops : 6.626e+04 (less than 1 second per iteration)
 Threads    : 1

                  Objective                Residual
Iter       Primal          Dual         Primal    Dual     Compl     Time
   0   2.17509934e+07 -2.26548009e+07  1.10e+04 4.99e+02  9.94e+05     0s
   1   6.92900684e+06 -7.61354550e+06  3.41e+03 1.55e+02  3.39e+05     0s
   2   1.55547226e+06 -2.03128169e+06  3.68e+02 1.67e+01  5.12e+04     0s
   3   2.40084923e+05 -5.25924778e+05  4.02e+00 1.83e-01  4.39e+03     0s
   4   2.11513341e+04 -5.86071624e+04  1.26e-02 5.74e-04  4.22e+02     0s
   5   4.16940869e+03 -1.31364955e+04  1.26e-08 5.74e-10  9.16e+01     0s
   6   7.47966589e+02 -1.83266525e+03  4.58e-13 2.56e-13  1.37e+01     0s
   7   2.99958943e+02  1.27895911e+02  1.35e-13 1.27e-13  9.10e-01     0s
   8   2.46479382e+02  2.23087662e+02  6.39e-13 4.05e-14  1.24e-01     0s
   9   2.38246152e+02  2.35994148e+02  1.56e-13 2.44e-14  1.19e-02     0s
  10   2.36922251e+02  2.36752126e+02  5.33e-14 9.99e-15  9.00e-04     0s
  11   2.36785664e+02  2.36778289e+02  1.07e-14 8.88e-15  3.90e-05     0s
  12   2.36780207e+02  2.36779993e+02  7.11e-15 1.33e-14  1.13e-06     0s
  13   2.36780113e+02  2.36780085e+02  7.11e-15 1.29e-14  1.47e-07     0s
  14   2.36780103e+02  2.36780099e+02  1.07e-14 1.95e-14  1.83e-08     0s
  15   2.36780102e+02  2.36780101e+02  7.11e-15 7.99e-15  2.16e-09     0s

Barrier solved model in 15 iterations and 0.05 seconds
Optimal objective 2.36780102e+02


Freed default Gurobi environment

Gurobi 8.0.0 (win64, Python) logging started 10/10/19 15:21:06

Academic license - for non-commercial use only
Parameter OutputFlag unchanged
   Value: 1  Min: 0  Max: 1  Default: 1
Changed value of parameter QCPDual to 1
   Prev: 0  Min: 0  Max: 1  Default: 0
Optimize a model with 481 rows, 181 columns and 1081 nonzeros
Model has 2 quadratic constraints
Coefficient statistics:
  Matrix range     [1e+00, 2e+00]
  QMatrix range    [1e+00, 1e+00]
  Objective range  [1e+00, 1e+00]
  Bounds range     [0e+00, 0e+00]
  RHS range        [1e-01, 1e+00]
Presolve removed 323 rows and 27 columns
Presolve time: 0.01s
Presolved: 158 rows, 154 columns, 744 nonzeros
Presolved model has 2 second-order cone constraints
Ordering time: 0.00s

Barrier statistics:
 Free vars  : 1
 AA' NZ     : 2.816e+03
 Factor NZ  : 7.473e+03
 Factor Ops : 4.629e+05 (less than 1 second per iteration)
 Threads    : 1

                  Objective                Residual
Iter       Primal          Dual         Primal    Dual     Compl     Time
   0   9.19125316e+00 -2.72040000e+01  5.92e+01 1.00e-01  5.76e-01     0s
   1   2.48073665e+00 -2.12266485e+01  1.96e+01 2.07e-03  1.52e-01     0s
   2   4.22796917e-01 -1.21506617e+01  1.05e+00 3.77e-06  3.31e-02     0s
   3   2.99969225e-01 -8.36795490e-01  1.21e-02 3.46e-08  2.72e-03     0s
   4   5.13403900e-02 -1.11992708e-02  1.92e-04 4.93e-08  1.49e-04     0s
   5   6.08773598e-03 -2.13569015e-03  1.03e-05 1.32e-08  1.96e-05     0s
   6   3.11763083e-03 -8.95820624e-04  2.47e-06 3.02e-08  9.58e-06     0s
   7   1.53324785e-03 -5.14452193e-04  8.77e-07 3.60e-08  4.89e-06     0s
   8   3.06911019e-04 -1.75577741e-04  1.39e-07 1.53e-08  1.15e-06     0s
   9   1.41950593e-05 -1.55016687e-05  9.93e-09 4.92e-09  7.09e-08     0s
  10   6.21395061e-06 -6.47147755e-06  5.29e-09 1.25e-09  3.03e-08     0s
  11   2.35174774e-06 -3.39181161e-06  2.40e-09 1.17e-09  1.37e-08     0s
  12   1.31111906e-06 -6.00068463e-07  7.87e-10 4.11e-09  4.57e-09     0s
  13   3.46853476e-07 -1.00171931e-07  1.33e-09 2.31e-09  1.07e-09     0s

Barrier solved model in 13 iterations and 0.03 seconds
Optimal objective 3.46853476e-07

Solving KKT system to obtain QCP duals...

Optimize a model with 483 rows, 181 columns and 1087 nonzeros
Coefficient statistics:
  Matrix range     [9e-04, 2e+00]
  Objective range  [4e-04, 7e+00]
  QObjective range [2e+00, 2e+00]
  Bounds range     [0e+00, 0e+00]
  RHS range        [3e-07, 1e+00]
Presolve removed 304 rows and 14 columns
Presolve time: 0.04s
Presolved: 179 rows, 167 columns, 730 nonzeros
Ordering time: 0.00s

Barrier statistics:
 Free vars  : 25
 AA' NZ     : 2.016e+03
 Factor NZ  : 8.745e+03
 Factor Ops : 5.593e+05 (less than 1 second per iteration)
 Threads    : 1

                  Objective                Residual
Iter       Primal          Dual         Primal    Dual     Compl     Time
   0   3.54873651e+07 -3.61579483e+07  1.20e+04 5.00e+02  1.00e+06     0s
   1   6.05482415e+06 -6.69359722e+06  3.90e+03 1.63e+02  3.46e+05     0s
   2   2.51948463e+06 -3.30635794e+06  4.75e+02 1.98e+01  6.14e+04     0s
   3   5.38724112e+05 -1.32651289e+06  1.95e+01 8.14e-01  6.42e+03     0s
   4   7.74356411e+04 -2.84753656e+05  1.95e-05 8.14e-07  8.64e+02     0s
   5   1.05611939e+04 -2.72625605e+04  1.95e-11 1.21e-12  9.03e+01     0s
   6   1.27996728e+03 -8.38452689e+03  1.42e-13 1.35e-13  2.31e+01     0s
   7   7.25293842e+01 -3.82268301e+02  6.04e-14 3.77e-14  1.09e+00     0s
   8   4.73696635e+00 -2.67064863e+01  1.85e-13 5.77e-15  7.50e-02     0s
   9   4.90125968e-01 -1.78907518e+00  1.42e-14 8.88e-16  5.44e-03     0s
  10   6.12404304e-02 -1.17246686e-01  1.07e-14 4.44e-16  4.26e-04     0s
  11   8.29455750e-03 -9.95916056e-03  7.11e-15 4.44e-16  4.36e-05     0s
  12   1.13581535e-03 -1.47220684e-03  7.11e-15 4.44e-16  6.22e-06     0s
  13   1.53537659e-04 -2.01540469e-04  7.11e-15 4.44e-16  8.47e-07     0s
  14   2.00801749e-05 -2.89249749e-05  7.11e-15 4.44e-16  1.17e-07     0s
  15   2.45309661e-06 -4.26505534e-06  7.11e-15 4.44e-16  1.60e-08     0s
  16   3.08129074e-07 -5.80177300e-07  7.11e-15 4.44e-16  2.12e-09     0s

Barrier solved model in 16 iterations and 0.04 seconds
Optimal objective 3.08129074e-07


Parameter OutputFlag unchanged
   Value: 1  Min: 0  Max: 1  Default: 1
Changed value of parameter QCPDual to 1
   Prev: 0  Min: 0  Max: 1  Default: 0
Optimize a model with 5381 rows, 5077 columns and 112116 nonzeros
Coefficient statistics:
  Matrix range     [1e+00, 6e+01]
  Objective range  [4e-01, 1e+00]
  Bounds range     [0e+00, 0e+00]
  RHS range        [2e-04, 1e+00]

Concurrent LP optimizer: dual simplex and barrier
Showing barrier log only...

Presolve removed 5237 rows and 4940 columns
Presolve time: 0.03s
Presolved: 144 rows, 137 columns, 687 nonzeros

Ordering time: 0.00s

Barrier statistics:
 AA' NZ     : 2.591e+03
 Factor NZ  : 6.405e+03
 Factor Ops : 3.668e+05 (less than 1 second per iteration)
 Threads    : 1

                  Objective                Residual
Iter       Primal          Dual         Primal    Dual     Compl     Time
   0  -2.03963230e+04 -7.01978545e+05  1.88e+01 1.04e+03  6.37e+03     0s
   1  -1.39963688e+04 -3.65200834e+05  5.11e+00 2.28e+02  1.54e+03     0s
   2  -1.07094761e+04 -7.20467501e+04  6.68e-01 4.67e+00  1.81e+02     0s
   3  -1.34674304e+04 -1.97717536e+04  4.00e-02 8.36e-03  1.70e+01     0s
   4  -1.54001792e+04 -1.68805709e+04  7.14e-03 1.82e-12  3.95e+00     0s

Barrier performed 4 iterations in 0.05 seconds
Barrier solve interrupted - model solved by another algorithm


Solved with dual simplex
Solved in 135 iterations and 0.05 seconds
Optimal objective -1.607353162e+04
Parameter OutputFlag unchanged
   Value: 1  Min: 0  Max: 1  Default: 1
Changed value of parameter QCPDual to 1
   Prev: 0  Min: 0  Max: 1  Default: 0
Optimize a model with 475 rows, 173 columns and 1069 nonzeros
Coefficient statistics:
  Matrix range     [1e+00, 1e+00]
  Objective range  [1e+00, 1e+00]
  Bounds range     [0e+00, 0e+00]
  RHS range        [1e-01, 1e+00]
Presolve removed 333 rows and 36 columns
Presolve time: 0.00s
Presolved: 142 rows, 137 columns, 667 nonzeros

Iteration    Objective       Primal Inf.    Dual Inf.      Time
       0      handle free variables                          0s
     204    0.0000000e+00   0.000000e+00   0.000000e+00      0s

Solved in 204 iterations and 0.01 seconds
Optimal objective  0.000000000e+00
Parameter OutputFlag unchanged
   Value: 1  Min: 0  Max: 1  Default: 1
Changed value of parameter QCPDual to 1
   Prev: 0  Min: 0  Max: 1  Default: 0
Optimize a model with 5381 rows, 5077 columns and 112116 nonzeros
Coefficient statistics:
  Matrix range     [1e+00, 6e+01]
  Objective range  [4e-01, 1e+00]
  Bounds range     [0e+00, 0e+00]
  RHS range        [1e-01, 1e+00]

Concurrent LP optimizer: dual simplex and barrier
Showing barrier log only...

Presolve removed 5237 rows and 4940 columns
Presolve time: 0.03s
Presolved: 144 rows, 137 columns, 687 nonzeros

Ordering time: 0.00s

Barrier statistics:
 AA' NZ     : 2.591e+03
 Factor NZ  : 6.405e+03
 Factor Ops : 3.668e+05 (less than 1 second per iteration)
 Threads    : 1

                  Objective                Residual
Iter       Primal          Dual         Primal    Dual     Compl     Time
   0  -2.03968963e+04 -7.01978504e+05  1.88e+01 1.04e+03  6.37e+03     0s
   1  -1.39966981e+04 -3.65206930e+05  5.11e+00 2.28e+02  1.54e+03     0s

Barrier performed 1 iterations in 0.05 seconds
Barrier solve interrupted - model solved by another algorithm


Solved with dual simplex
Solved in 120 iterations and 0.05 seconds
Optimal objective -1.607342360e+04

Gurobi 8.0.0 (win64, Python) logging started 12/11/19 13:47:22

Academic license - for non-commercial use only
Parameter OutputFlag unchanged
   Value: 1  Min: 0  Max: 1  Default: 1
Changed value of parameter QCPDual to 1
   Prev: 0  Min: 0  Max: 1  Default: 0
Optimize a model with 163 rows, 54 columns and 333 nonzeros
Coefficient statistics:
  Matrix range     [1e+00, 1e+00]
  Objective range  [1e+00, 1e+00]
  Bounds range     [0e+00, 0e+00]
  RHS range        [1e+00, 1e+00]
Presolve removed 112 rows and 10 columns
Presolve time: 0.01s

Solved in 0 iterations and 0.01 seconds
Infeasible or unbounded model
Parameter OutputFlag unchanged
   Value: 1  Min: 0  Max: 1  Default: 1
Changed value of parameter QCPDual to 1
   Prev: 0  Min: 0  Max: 1  Default: 0
Optimize a model with 163 rows, 54 columns and 333 nonzeros
Coefficient statistics:
  Matrix range     [1e+00, 1e+00]
  Objective range  [1e+00, 1e+00]
  Bounds range     [0e+00, 0e+00]
  RHS range        [1e+00, 1e+00]
Presolve removed 157 rows and 53 columns
Presolve time: 0.01s

Solved in 0 iterations and 0.01 seconds
Infeasible or unbounded model
Parameter OutputFlag unchanged
   Value: 1  Min: 0  Max: 1  Default: 1
Changed value of parameter QCPDual to 1
   Prev: 0  Min: 0  Max: 1  Default: 0
Optimize a model with 163 rows, 54 columns and 333 nonzeros
Coefficient statistics:
  Matrix range     [1e+00, 1e+00]
  Objective range  [1e+00, 1e+00]
  Bounds range     [0e+00, 0e+00]
  RHS range        [1e+00, 1e+00]
Presolve removed 122 rows and 18 columns
Presolve time: 0.00s

Solved in 0 iterations and 0.00 seconds
Infeasible or unbounded model
Parameter OutputFlag unchanged
   Value: 1  Min: 0  Max: 1  Default: 1
Changed value of parameter QCPDual to 1
   Prev: 0  Min: 0  Max: 1  Default: 0
Optimize a model with 163 rows, 54 columns and 333 nonzeros
Coefficient statistics:
  Matrix range     [1e+00, 1e+00]
  Objective range  [1e+00, 1e+00]
  Bounds range     [0e+00, 0e+00]
  RHS range        [1e+00, 1e+00]
Presolve removed 122 rows and 18 columns
Presolve time: 0.00s

Solved in 0 iterations and 0.00 seconds
Infeasible or unbounded model
Parameter OutputFlag unchanged
   Value: 1  Min: 0  Max: 1  Default: 1
Changed value of parameter QCPDual to 1
   Prev: 0  Min: 0  Max: 1  Default: 0
Optimize a model with 163 rows, 54 columns and 333 nonzeros
Coefficient statistics:
  Matrix range     [1e+00, 1e+00]
  Objective range  [1e+00, 1e+00]
  Bounds range     [0e+00, 0e+00]
  RHS range        [1e+00, 1e+00]
Presolve removed 157 rows and 53 columns
Presolve time: 0.01s

Solved in 0 iterations and 0.01 seconds
Infeasible or unbounded model
Parameter OutputFlag unchanged
   Value: 1  Min: 0  Max: 1  Default: 1
Changed value of parameter QCPDual to 1
   Prev: 0  Min: 0  Max: 1  Default: 0
Optimize a model with 163 rows, 54 columns and 333 nonzeros
Coefficient statistics:
  Matrix range     [1e+00, 1e+00]
  Objective range  [1e+00, 1e+00]
  Bounds range     [0e+00, 0e+00]
  RHS range        [1e+00, 1e+00]
Presolve removed 111 rows and 4 columns
Presolve time: 0.01s

Solved in 0 iterations and 0.01 seconds
Infeasible or unbounded model
Parameter OutputFlag unchanged
   Value: 1  Min: 0  Max: 1  Default: 1
Changed value of parameter QCPDual to 1
   Prev: 0  Min: 0  Max: 1  Default: 0
Optimize a model with 163 rows, 54 columns and 333 nonzeros
Coefficient statistics:
  Matrix range     [1e+00, 1e+00]
  Objective range  [1e+00, 1e+00]
  Bounds range     [0e+00, 0e+00]
  RHS range        [1e+00, 1e+00]
Presolve removed 111 rows and 4 columns
Presolve time: 0.00s

Solved in 0 iterations and 0.00 seconds
Infeasible or unbounded model
Parameter OutputFlag unchanged
   Value: 1  Min: 0  Max: 1  Default: 1
Changed value of parameter QCPDual to 1
   Prev: 0  Min: 0  Max: 1  Default: 0
Optimize a model with 163 rows, 54 columns and 333 nonzeros
Coefficient statistics:
  Matrix range     [1e+00, 1e+00]
  Objective range  [1e+00, 1e+00]
  Bounds range     [0e+00, 0e+00]
  RHS range        [1e+00, 1e+00]
Presolve removed 132 rows and 25 columns
Presolve time: 0.00s

Solved in 0 iterations and 0.01 seconds
Infeasible or unbounded model
Parameter OutputFlag unchanged
   Value: 1  Min: 0  Max: 1  Default: 1
Changed value of parameter QCPDual to 1
   Prev: 0  Min: 0  Max: 1  Default: 0
Optimize a model with 163 rows, 54 columns and 333 nonzeros
Coefficient statistics:
  Matrix range     [1e+00, 1e+00]
  Objective range  [1e+00, 1e+00]
  Bounds range     [0e+00, 0e+00]
  RHS range        [1e+00, 1e+00]
Presolve removed 144 rows and 37 columns
Presolve time: 0.00s

Solved in 0 iterations and 0.01 seconds
Infeasible or unbounded model
Parameter OutputFlag unchanged
   Value: 1  Min: 0  Max: 1  Default: 1
Changed value of parameter QCPDual to 1
   Prev: 0  Min: 0  Max: 1  Default: 0
Optimize a model with 163 rows, 54 columns and 333 nonzeros
Coefficient statistics:
  Matrix range     [1e+00, 1e+00]
  Objective range  [1e+00, 1e+00]
  Bounds range     [0e+00, 0e+00]
  RHS range        [1e+00, 1e+00]
Presolve removed 111 rows and 4 columns
Presolve time: 0.00s

Solved in 0 iterations and 0.00 seconds
Infeasible or unbounded model
Parameter OutputFlag unchanged
   Value: 1  Min: 0  Max: 1  Default: 1
Changed value of parameter QCPDual to 1
   Prev: 0  Min: 0  Max: 1  Default: 0
Optimize a model with 163 rows, 54 columns and 333 nonzeros
Coefficient statistics:
  Matrix range     [1e+00, 1e+00]
  Objective range  [1e+00, 1e+00]
  Bounds range     [0e+00, 0e+00]
  RHS range        [1e+00, 1e+00]
Presolve removed 111 rows and 4 columns
Presolve time: 0.00s

Solved in 0 iterations and 0.01 seconds
Infeasible or unbounded model
Parameter OutputFlag unchanged
   Value: 1  Min: 0  Max: 1  Default: 1
Changed value of parameter QCPDual to 1
   Prev: 0  Min: 0  Max: 1  Default: 0
Optimize a model with 163 rows, 54 columns and 333 nonzeros
Coefficient statistics:
  Matrix range     [1e+00, 1e+00]
  Objective range  [1e+00, 1e+00]
  Bounds range     [0e+00, 0e+00]
  RHS range        [1e+00, 1e+00]
Presolve removed 117 rows and 27 columns
Presolve time: 0.01s

Solved in 0 iterations and 0.01 seconds
Infeasible or unbounded model
Parameter OutputFlag unchanged
   Value: 1  Min: 0  Max: 1  Default: 1
Changed value of parameter QCPDual to 1
   Prev: 0  Min: 0  Max: 1  Default: 0
Optimize a model with 163 rows, 54 columns and 333 nonzeros
Coefficient statistics:
  Matrix range     [1e+00, 1e+00]
  Objective range  [1e+00, 1e+00]
  Bounds range     [0e+00, 0e+00]
  RHS range        [1e+00, 1e+00]
Presolve removed 138 rows and 31 columns
Presolve time: 0.00s

Solved in 0 iterations and 0.00 seconds
Infeasible or unbounded model
Parameter OutputFlag unchanged
   Value: 1  Min: 0  Max: 1  Default: 1
Changed value of parameter QCPDual to 1
   Prev: 0  Min: 0  Max: 1  Default: 0
Optimize a model with 163 rows, 54 columns and 333 nonzeros
Coefficient statistics:
  Matrix range     [1e+00, 1e+00]
  Objective range  [1e+00, 1e+00]
  Bounds range     [0e+00, 0e+00]
  RHS range        [1e+00, 1e+00]
Presolve removed 139 rows and 32 columns
Presolve time: 0.00s

Solved in 0 iterations and 0.01 seconds
Infeasible or unbounded model
Parameter OutputFlag unchanged
   Value: 1  Min: 0  Max: 1  Default: 1
Changed value of parameter QCPDual to 1
   Prev: 0  Min: 0  Max: 1  Default: 0
Optimize a model with 163 rows, 54 columns and 333 nonzeros
Coefficient statistics:
  Matrix range     [1e+00, 1e+00]
  Objective range  [1e+00, 1e+00]
  Bounds range     [0e+00, 0e+00]
  RHS range        [1e+00, 1e+00]
Presolve removed 111 rows and 4 columns
Presolve time: 0.00s

Solved in 0 iterations and 0.00 seconds
Infeasible or unbounded model
Parameter OutputFlag unchanged
   Value: 1  Min: 0  Max: 1  Default: 1
Changed value of parameter QCPDual to 1
   Prev: 0  Min: 0  Max: 1  Default: 0
Optimize a model with 163 rows, 54 columns and 333 nonzeros
Coefficient statistics:
  Matrix range     [1e+00, 1e+00]
  Objective range  [1e+00, 1e+00]
  Bounds range     [0e+00, 0e+00]
  RHS range        [1e+00, 1e+00]
Presolve removed 112 rows and 5 columns
Presolve time: 0.00s

Solved in 0 iterations and 0.00 seconds
Infeasible or unbounded model
Parameter OutputFlag unchanged
   Value: 1  Min: 0  Max: 1  Default: 1
Changed value of parameter QCPDual to 1
   Prev: 0  Min: 0  Max: 1  Default: 0
Optimize a model with 163 rows, 54 columns and 333 nonzeros
Coefficient statistics:
  Matrix range     [1e+00, 1e+00]
  Objective range  [1e+00, 1e+00]
  Bounds range     [0e+00, 0e+00]
  RHS range        [1e+00, 1e+00]
Presolve removed 111 rows and 4 columns
Presolve time: 0.00s

Solved in 0 iterations and 0.00 seconds
Infeasible or unbounded model
Parameter OutputFlag unchanged
   Value: 1  Min: 0  Max: 1  Default: 1
Changed value of parameter QCPDual to 1
   Prev: 0  Min: 0  Max: 1  Default: 0
Optimize a model with 163 rows, 54 columns and 333 nonzeros
Coefficient statistics:
  Matrix range     [1e+00, 1e+00]
  Objective range  [1e+00, 1e+00]
  Bounds range     [0e+00, 0e+00]
  RHS range        [1e+00, 1e+00]
Presolve removed 111 rows and 4 columns
Presolve time: 0.00s

Solved in 0 iterations and 0.01 seconds
Infeasible or unbounded model
Parameter OutputFlag unchanged
   Value: 1  Min: 0  Max: 1  Default: 1
Changed value of parameter QCPDual to 1
   Prev: 0  Min: 0  Max: 1  Default: 0
Optimize a model with 163 rows, 54 columns and 333 nonzeros
Coefficient statistics:
  Matrix range     [1e+00, 1e+00]
  Objective range  [1e+00, 1e+00]
  Bounds range     [0e+00, 0e+00]
  RHS range        [1e+00, 1e+00]
Presolve removed 135 rows and 28 columns
Presolve time: 0.00s

Solved in 0 iterations and 0.01 seconds
Infeasible or unbounded model
Parameter OutputFlag unchanged
   Value: 1  Min: 0  Max: 1  Default: 1
Changed value of parameter QCPDual to 1
   Prev: 0  Min: 0  Max: 1  Default: 0
Optimize a model with 163 rows, 54 columns and 333 nonzeros
Coefficient statistics:
  Matrix range     [1e+00, 1e+00]
  Objective range  [1e+00, 1e+00]
  Bounds range     [0e+00, 0e+00]
  RHS range        [1e+00, 1e+00]
Presolve removed 136 rows and 29 columns
Presolve time: 0.00s

Solved in 0 iterations and 0.00 seconds
Infeasible or unbounded model
Parameter OutputFlag unchanged
   Value: 1  Min: 0  Max: 1  Default: 1
Changed value of parameter QCPDual to 1
   Prev: 0  Min: 0  Max: 1  Default: 0
Optimize a model with 163 rows, 54 columns and 333 nonzeros
Coefficient statistics:
  Matrix range     [1e+00, 1e+00]
  Objective range  [1e+00, 1e+00]
  Bounds range     [0e+00, 0e+00]
  RHS range        [1e+00, 1e+00]
Presolve removed 112 rows and 10 columns
Presolve time: 0.00s

Solved in 0 iterations and 0.00 seconds
Infeasible or unbounded model
Parameter OutputFlag unchanged
   Value: 1  Min: 0  Max: 1  Default: 1
Changed value of parameter QCPDual to 1
   Prev: 0  Min: 0  Max: 1  Default: 0
Optimize a model with 163 rows, 54 columns and 333 nonzeros
Coefficient statistics:
  Matrix range     [1e+00, 1e+00]
  Objective range  [1e+00, 1e+00]
  Bounds range     [0e+00, 0e+00]
  RHS range        [1e+00, 1e+00]
Presolve removed 112 rows and 5 columns
Presolve time: 0.00s

Solved in 0 iterations and 0.00 seconds
Infeasible or unbounded model
Parameter OutputFlag unchanged
   Value: 1  Min: 0  Max: 1  Default: 1
Changed value of parameter QCPDual to 1
   Prev: 0  Min: 0  Max: 1  Default: 0
Optimize a model with 163 rows, 54 columns and 333 nonzeros
Coefficient statistics:
  Matrix range     [1e+00, 1e+00]
  Objective range  [1e+00, 1e+00]
  Bounds range     [0e+00, 0e+00]
  RHS range        [1e+00, 1e+00]
Presolve removed 111 rows and 4 columns
Presolve time: 0.00s

Solved in 0 iterations and 0.00 seconds
Infeasible or unbounded model
Parameter OutputFlag unchanged
   Value: 1  Min: 0  Max: 1  Default: 1
Changed value of parameter QCPDual to 1
   Prev: 0  Min: 0  Max: 1  Default: 0
Optimize a model with 163 rows, 54 columns and 333 nonzeros
Coefficient statistics:
  Matrix range     [1e+00, 1e+00]
  Objective range  [1e+00, 1e+00]
  Bounds range     [0e+00, 0e+00]
  RHS range        [1e+00, 1e+00]
Presolve removed 111 rows and 4 columns
Presolve time: 0.00s

Solved in 0 iterations and 0.00 seconds
Infeasible or unbounded model
Parameter OutputFlag unchanged
   Value: 1  Min: 0  Max: 1  Default: 1
Changed value of parameter QCPDual to 1
   Prev: 0  Min: 0  Max: 1  Default: 0
Optimize a model with 163 rows, 54 columns and 333 nonzeros
Coefficient statistics:
  Matrix range     [1e+00, 1e+00]
  Objective range  [1e+00, 1e+00]
  Bounds range     [0e+00, 0e+00]
  RHS range        [1e+00, 1e+00]
Presolve removed 133 rows and 26 columns
Presolve time: 0.00s

Solved in 0 iterations and 0.01 seconds
Infeasible or unbounded model
Parameter OutputFlag unchanged
   Value: 1  Min: 0  Max: 1  Default: 1
Changed value of parameter QCPDual to 1
   Prev: 0  Min: 0  Max: 1  Default: 0
Optimize a model with 163 rows, 54 columns and 333 nonzeros
Coefficient statistics:
  Matrix range     [1e+00, 1e+00]
  Objective range  [1e+00, 1e+00]
  Bounds range     [0e+00, 0e+00]
  RHS range        [1e+00, 1e+00]
Presolve removed 112 rows and 10 columns
Presolve time: 0.01s

Solved in 0 iterations and 0.01 seconds
Infeasible or unbounded model
Parameter OutputFlag unchanged
   Value: 1  Min: 0  Max: 1  Default: 1
Changed value of parameter QCPDual to 1
   Prev: 0  Min: 0  Max: 1  Default: 0
Optimize a model with 163 rows, 54 columns and 333 nonzeros
Coefficient statistics:
  Matrix range     [1e+00, 1e+00]
  Objective range  [1e+00, 1e+00]
  Bounds range     [0e+00, 0e+00]
  RHS range        [1e+00, 1e+00]
Presolve removed 111 rows and 4 columns
Presolve time: 0.00s

Solved in 0 iterations and 0.00 seconds
Infeasible or unbounded model
Parameter OutputFlag unchanged
   Value: 1  Min: 0  Max: 1  Default: 1
Changed value of parameter QCPDual to 1
   Prev: 0  Min: 0  Max: 1  Default: 0
Optimize a model with 163 rows, 54 columns and 333 nonzeros
Coefficient statistics:
  Matrix range     [1e+00, 1e+00]
  Objective range  [1e+00, 1e+00]
  Bounds range     [0e+00, 0e+00]
  RHS range        [1e+00, 1e+00]
Presolve removed 117 rows and 13 columns
Presolve time: 0.00s

Solved in 0 iterations and 0.00 seconds
Infeasible or unbounded model
Parameter OutputFlag unchanged
   Value: 1  Min: 0  Max: 1  Default: 1
Changed value of parameter QCPDual to 1
   Prev: 0  Min: 0  Max: 1  Default: 0
Optimize a model with 163 rows, 54 columns and 333 nonzeros
Coefficient statistics:
  Matrix range     [1e+00, 1e+00]
  Objective range  [1e+00, 1e+00]
  Bounds range     [0e+00, 0e+00]
  RHS range        [1e+00, 1e+00]
Presolve removed 111 rows and 4 columns
Presolve time: 0.00s

Solved in 0 iterations and 0.00 seconds
Infeasible or unbounded model
Parameter OutputFlag unchanged
   Value: 1  Min: 0  Max: 1  Default: 1
Changed value of parameter QCPDual to 1
   Prev: 0  Min: 0  Max: 1  Default: 0
Optimize a model with 163 rows, 54 columns and 333 nonzeros
Coefficient statistics:
  Matrix range     [1e+00, 1e+00]
  Objective range  [1e+00, 1e+00]
  Bounds range     [0e+00, 0e+00]
  RHS range        [1e+00, 1e+00]
Presolve removed 111 rows and 4 columns
Presolve time: 0.00s

Solved in 0 iterations and 0.00 seconds
Infeasible or unbounded model
Parameter OutputFlag unchanged
   Value: 1  Min: 0  Max: 1  Default: 1
Changed value of parameter QCPDual to 1
   Prev: 0  Min: 0  Max: 1  Default: 0
Optimize a model with 163 rows, 54 columns and 333 nonzeros
Coefficient statistics:
  Matrix range     [1e+00, 1e+00]
  Objective range  [1e+00, 1e+00]
  Bounds range     [0e+00, 0e+00]
  RHS range        [1e+00, 1e+00]
Presolve removed 132 rows and 25 columns
Presolve time: 0.00s

Solved in 0 iterations and 0.00 seconds
Infeasible or unbounded model
Parameter OutputFlag unchanged
   Value: 1  Min: 0  Max: 1  Default: 1
Changed value of parameter QCPDual to 1
   Prev: 0  Min: 0  Max: 1  Default: 0
Optimize a model with 163 rows, 54 columns and 333 nonzeros
Coefficient statistics:
  Matrix range     [1e+00, 1e+00]
  Objective range  [1e+00, 1e+00]
  Bounds range     [0e+00, 0e+00]
  RHS range        [1e+00, 1e+00]
Presolve removed 132 rows and 25 columns
Presolve time: 0.00s

Solved in 0 iterations and 0.00 seconds
Infeasible or unbounded model
Parameter OutputFlag unchanged
   Value: 1  Min: 0  Max: 1  Default: 1
Changed value of parameter QCPDual to 1
   Prev: 0  Min: 0  Max: 1  Default: 0
Optimize a model with 163 rows, 54 columns and 333 nonzeros
Coefficient statistics:
  Matrix range     [1e+00, 1e+00]
  Objective range  [1e+00, 1e+00]
  Bounds range     [0e+00, 0e+00]
  RHS range        [1e+00, 1e+00]
Presolve removed 111 rows and 4 columns
Presolve time: 0.00s

Solved in 0 iterations and 0.01 seconds
Infeasible or unbounded model
Parameter OutputFlag unchanged
   Value: 1  Min: 0  Max: 1  Default: 1
Changed value of parameter QCPDual to 1
   Prev: 0  Min: 0  Max: 1  Default: 0
Optimize a model with 163 rows, 54 columns and 333 nonzeros
Coefficient statistics:
  Matrix range     [1e+00, 1e+00]
  Objective range  [1e+00, 1e+00]
  Bounds range     [0e+00, 0e+00]
  RHS range        [1e+00, 1e+00]
Presolve removed 116 rows and 25 columns
Presolve time: 0.00s

Solved in 0 iterations and 0.00 seconds
Infeasible or unbounded model
Parameter OutputFlag unchanged
   Value: 1  Min: 0  Max: 1  Default: 1
Changed value of parameter QCPDual to 1
   Prev: 0  Min: 0  Max: 1  Default: 0
Optimize a model with 163 rows, 54 columns and 333 nonzeros
Coefficient statistics:
  Matrix range     [1e+00, 1e+00]
  Objective range  [1e+00, 1e+00]
  Bounds range     [0e+00, 0e+00]
  RHS range        [1e+00, 1e+00]
Presolve removed 111 rows and 4 columns
Presolve time: 0.00s

Solved in 0 iterations and 0.00 seconds
Infeasible or unbounded model
Parameter OutputFlag unchanged
   Value: 1  Min: 0  Max: 1  Default: 1
Changed value of parameter QCPDual to 1
   Prev: 0  Min: 0  Max: 1  Default: 0
Optimize a model with 163 rows, 54 columns and 333 nonzeros
Coefficient statistics:
  Matrix range     [1e+00, 1e+00]
  Objective range  [1e+00, 1e+00]
  Bounds range     [0e+00, 0e+00]
  RHS range        [1e+00, 1e+00]
Presolve removed 111 rows and 4 columns
Presolve time: 0.00s

Solved in 0 iterations and 0.00 seconds
Infeasible or unbounded model
Parameter OutputFlag unchanged
   Value: 1  Min: 0  Max: 1  Default: 1
Changed value of parameter QCPDual to 1
   Prev: 0  Min: 0  Max: 1  Default: 0
Optimize a model with 163 rows, 54 columns and 333 nonzeros
Coefficient statistics:
  Matrix range     [1e+00, 1e+00]
  Objective range  [1e+00, 1e+00]
  Bounds range     [0e+00, 0e+00]
  RHS range        [1e+00, 1e+00]
Presolve removed 116 rows and 16 columns
Presolve time: 0.00s

Solved in 0 iterations and 0.00 seconds
Infeasible or unbounded model
Parameter OutputFlag unchanged
   Value: 1  Min: 0  Max: 1  Default: 1
Changed value of parameter QCPDual to 1
   Prev: 0  Min: 0  Max: 1  Default: 0
Optimize a model with 163 rows, 54 columns and 333 nonzeros
Coefficient statistics:
  Matrix range     [1e+00, 1e+00]
  Objective range  [1e+00, 1e+00]
  Bounds range     [0e+00, 0e+00]
  RHS range        [1e+00, 1e+00]
Presolve removed 138 rows and 31 columns
Presolve time: 0.02s

Solved in 0 iterations and 0.02 seconds
Infeasible or unbounded model
Parameter OutputFlag unchanged
   Value: 1  Min: 0  Max: 1  Default: 1
Changed value of parameter QCPDual to 1
   Prev: 0  Min: 0  Max: 1  Default: 0
Optimize a model with 163 rows, 54 columns and 333 nonzeros
Coefficient statistics:
  Matrix range     [1e+00, 1e+00]
  Objective range  [1e+00, 1e+00]
  Bounds range     [0e+00, 0e+00]
  RHS range        [1e+00, 1e+00]
Presolve removed 111 rows and 4 columns
Presolve time: 0.00s

Solved in 0 iterations and 0.01 seconds
Infeasible or unbounded model
Parameter OutputFlag unchanged
   Value: 1  Min: 0  Max: 1  Default: 1
Changed value of parameter QCPDual to 1
   Prev: 0  Min: 0  Max: 1  Default: 0
Optimize a model with 163 rows, 54 columns and 333 nonzeros
Coefficient statistics:
  Matrix range     [1e+00, 1e+00]
  Objective range  [1e+00, 1e+00]
  Bounds range     [0e+00, 0e+00]
  RHS range        [1e+00, 1e+00]
Presolve removed 112 rows and 5 columns
Presolve time: 0.00s

Solved in 0 iterations and 0.00 seconds
Infeasible or unbounded model
Freed default Gurobi environment

Gurobi 8.0.0 (win64, Python) logging started 01/27/20 13:00:23

Academic license - for non-commercial use only
Parameter OutputFlag unchanged
   Value: 1  Min: 0  Max: 1  Default: 1
Changed value of parameter QCPDual to 1
   Prev: 0  Min: 0  Max: 1  Default: 0
Optimize a model with 17678 rows, 9617 columns and 153779 nonzeros
Coefficient statistics:
  Matrix range     [1e+00, 5e+01]
  Objective range  [4e-01, 1e+00]
  Bounds range     [0e+00, 0e+00]
  RHS range        [1e+00, 1e+00]

Concurrent LP optimizer: dual simplex and barrier
Showing barrier log only...

Presolve removed 13306 rows and 5247 columns
Presolve time: 0.06s
Presolved: 4372 rows, 4370 columns, 21225 nonzeros

Ordering time: 0.00s

Barrier statistics:
 Free vars  : 57
 AA' NZ     : 7.017e+04
 Factor NZ  : 3.452e+05 (roughly 6 MBytes of memory)
 Factor Ops : 4.362e+07 (less than 1 second per iteration)
 Threads    : 3

                  Objective                Residual
Iter       Primal          Dual         Primal    Dual     Compl     Time
   0  -4.04069756e+04 -7.23857463e+06  2.60e+02 2.98e+02  3.51e+03     0s
   1  -3.02084847e+04 -5.74606256e+06  9.45e+01 2.82e+02  1.34e+03     0s
   2  -1.88091163e+04 -3.18526308e+06  3.77e+01 4.38e+01  4.44e+02     0s
   3  -1.32823116e+04 -8.74842845e+05  5.12e+00 1.03e+00  7.88e+01     0s
   4  -1.51520694e+04 -1.80472315e+05  9.43e-01 4.53e-02  1.42e+01     0s
   5  -1.70455250e+04 -7.33235872e+04  3.66e-01 1.32e-02  4.79e+00     0s
   6  -1.98630929e+04 -3.61130086e+04  8.33e-02 3.14e-03  1.38e+00     0s
   7  -2.15363451e+04 -2.87219874e+04  8.04e-03 1.36e-03  6.06e-01     0s
   8  -2.20327789e+04 -2.46457206e+04  2.73e-03 4.53e-04  2.20e-01     0s
   9  -2.22333623e+04 -2.31721859e+04  1.34e-03 1.23e-04  7.90e-02     0s
  10  -2.24313202e+04 -2.27375947e+04  3.68e-04 3.81e-05  2.58e-02     0s
  11  -2.25031411e+04 -2.26044981e+04  5.57e-05 1.28e-05  8.52e-03     0s
  12  -2.25132304e+04 -2.25387973e+04  2.42e-05 2.27e-06  2.15e-03     0s
  13  -2.25186518e+04 -2.25291178e+04  9.25e-06 9.06e-07  8.79e-04     0s
  14  -2.25203004e+04 -2.25255598e+04  4.85e-06 4.24e-07  4.42e-04     0s
  15  -2.25211638e+04 -2.25235327e+04  2.41e-06 2.34e-07  1.99e-04     0s
  16  -2.25218826e+04 -2.25222041e+04  4.72e-07 7.82e-08  2.70e-05     0s
  17  -2.25220409e+04 -2.25220855e+04  8.32e-08 1.60e-08  3.74e-06     0s
  18  -2.25220592e+04 -2.25220805e+04  4.02e-08 7.81e-09  1.79e-06     0s
  19  -2.25220697e+04 -2.25220777e+04  1.44e-08 3.24e-09  6.73e-07     0s
  20  -2.25220760e+04 -2.25220762e+04  5.99e-10 1.44e-09  1.81e-08     0s
  21  -2.25220760e+04 -2.25220762e+04  1.93e-07 9.92e-10  1.27e-08     0s

Barrier solved model in 21 iterations and 0.24 seconds
Optimal objective -2.25220760e+04

Crossover log...

       0 DPushes remaining with DInf 4.8657953e-13                 0s

    1411 PPushes remaining with PInf 0.0000000e+00                 0s
       0 PPushes remaining with PInf 0.0000000e+00                 0s

  Push phase complete: Pinf 0.0000000e+00, Dinf 4.3249432e-13      0s

Iteration    Objective       Primal Inf.    Dual Inf.      Time
    1801   -2.2522076e+04   0.000000e+00   0.000000e+00      0s
    1801   -2.2522076e+04   0.000000e+00   0.000000e+00      0s

Solved with barrier
Solved in 1801 iterations and 0.30 seconds
Optimal objective -2.252207608e+04
Freed default Gurobi environment

Gurobi 8.0.0 (win64, Python) logging started 01/27/20 13:39:33

Academic license - for non-commercial use only
Parameter OutputFlag unchanged
   Value: 1  Min: 0  Max: 1  Default: 1
Changed value of parameter QCPDual to 1
   Prev: 0  Min: 0  Max: 1  Default: 0
Optimize a model with 17678 rows, 9617 columns and 153779 nonzeros
Coefficient statistics:
  Matrix range     [1e+00, 5e+01]
  Objective range  [4e-01, 1e+00]
  Bounds range     [0e+00, 0e+00]
  RHS range        [1e+00, 1e+00]

Concurrent LP optimizer: dual simplex and barrier
Showing barrier log only...

Presolve removed 13306 rows and 5247 columns
Presolve time: 0.05s
Presolved: 4372 rows, 4370 columns, 21225 nonzeros

Ordering time: 0.00s

Barrier statistics:
 Free vars  : 74
 AA' NZ     : 7.017e+04
 Factor NZ  : 3.302e+05 (roughly 6 MBytes of memory)
 Factor Ops : 3.688e+07 (less than 1 second per iteration)
 Threads    : 3

                  Objective                Residual
Iter       Primal          Dual         Primal    Dual     Compl     Time
   0  -3.79246677e+04 -7.23453262e+06  2.45e+02 2.97e+02  3.35e+03     0s
   1  -2.79789753e+04 -5.75882437e+06  8.46e+01 3.18e+02  1.30e+03     0s
   2  -1.70305005e+04 -2.67981678e+06  3.07e+01 4.41e+01  3.61e+02     0s
   3  -1.31600514e+04 -6.27039579e+05  4.19e+00 1.69e+00  5.61e+01     0s
   4  -1.56658172e+04 -1.58281040e+05  8.31e-01 7.42e-02  1.24e+01     0s
   5  -1.72902406e+04 -7.12910097e+04  3.81e-01 2.61e-02  4.64e+00     0s
   6  -1.96738864e+04 -3.84686131e+04  1.15e-01 7.81e-03  1.61e+00     0s
   7  -2.13746223e+04 -2.67216938e+04  1.81e-02 1.86e-03  4.55e-01     0s
   8  -2.20342217e+04 -2.39966421e+04  6.55e-03 6.31e-04  1.67e-01     0s
   9  -2.21584464e+04 -2.31708088e+04  4.63e-03 2.75e-04  8.59e-02     0s
  10  -2.24088030e+04 -2.27002903e+04  1.25e-03 6.75e-05  2.47e-02     0s
  11  -2.24767772e+04 -2.26009816e+04  4.84e-04 2.88e-05  1.05e-02     0s
  12  -2.24998849e+04 -2.25676638e+04  2.37e-04 1.55e-05  5.73e-03     0s
  13  -2.25173224e+04 -2.25355102e+04  4.45e-05 4.13e-06  1.54e-03     0s
  14  -2.25205070e+04 -2.25265022e+04  1.38e-05 1.24e-06  5.06e-04     0s
  15  -2.25214107e+04 -2.25251984e+04  5.39e-06 8.54e-07  3.20e-04     0s
  16  -2.25220010e+04 -2.25223446e+04  3.45e-07 5.42e-08  2.90e-05     0s
  17  -2.25220661e+04 -2.25221020e+04  3.11e-08 4.92e-09  3.02e-06     0s
  18  -2.25220754e+04 -2.25220765e+04  2.18e-09 3.73e-09  9.30e-08     0s
  19  -2.25220761e+04 -2.25220761e+04  6.17e-09 8.17e-10  1.01e-09     0s

Barrier solved model in 19 iterations and 0.24 seconds
Optimal objective -2.25220761e+04

Crossover log...

       0 DPushes remaining with DInf 4.8545543e-13                 0s

    1407 PPushes remaining with PInf 0.0000000e+00                 0s
       0 PPushes remaining with PInf 0.0000000e+00                 0s

  Push phase complete: Pinf 0.0000000e+00, Dinf 4.5595125e-13      0s

Iteration    Objective       Primal Inf.    Dual Inf.      Time
    1791   -2.2522076e+04   0.000000e+00   0.000000e+00      0s
    1791   -2.2522076e+04   0.000000e+00   0.000000e+00      0s

Solved with barrier
Solved in 1791 iterations and 0.31 seconds
Optimal objective -2.252207608e+04
